2022-01-10 23:48:27.998  INFO 3624 --- [           main] lavalink.server.Launcher                 : 

[32m       .  [31m _                  _ _       _    [32m__ _ _
[32m      /\\ [31m| | __ ___   ____ _| (_)_ __ | | __[32m\ \ \ \
[32m     ( ( )[31m| |/ _` \ \ / / _` | | | '_ \| |/ /[32m \ \ \ \
[32m      \\/ [31m| | (_| |\ V / (_| | | | | | |   < [32m  ) ) ) )
[32m       '  [31m|_|\__,_| \_/ \__,_|_|_|_| |_|_|\_\[32m / / / /
[0m    =========================================[32m/_/_/_/[0m

	Version:        3.3.2.5
	Build:          1222
	Build time:     11.04.2021 08:07:27 UTC
	Branch          master
	Commit:         7b914f2
	Commit time:    09.04.2021 17:14:27 UTC
	JVM:            17.0.1
	Lavaplayer      1.3.76

2022-01-10 23:48:28.119  INFO 3624 --- [           main] lavalink.server.Launcher                 : Starting Launcher on discord-athena with PID 3624 (/home/ubuntu/Athena/lavalink/Lavalink.jar started by ubuntu in /home/ubuntu/Athena/lavalink)
2022-01-10 23:48:28.120  INFO 3624 --- [           main] lavalink.server.Launcher                 : No active profile set, falling back to default profiles: default
2022-01-10 23:48:28.143  WARN 3624 --- [kground-preinit] o.s.h.c.j.Jackson2ObjectMapperBuilder    : For Jackson Kotlin classes support please add "com.fasterxml.jackson.module:jackson-module-kotlin" to the classpath
2022-01-10 23:48:29.672  WARN 3624 --- [           main] io.undertow.websockets.jsr               : UT026010: Buffer pool was not set on WebSocketDeploymentInfo, the default pool will be used
2022-01-10 23:48:29.696  INFO 3624 --- [           main] io.undertow.servlet                      : Initializing Spring embedded WebApplicationContext
2022-01-10 23:48:29.697  INFO 3624 --- [           main] o.s.web.context.ContextLoader            : Root WebApplicationContext: initialization completed in 1504 ms
2022-01-10 23:48:30.056  WARN 3624 --- [           main] l.server.config.SentryConfiguration      : Turning off sentry
2022-01-10 23:48:30.438  INFO 3624 --- [           main] c.s.d.l.tools.GarbageCollectionMonitor   : GC monitoring enabled, reporting results every 2 minutes.
2022-01-10 23:48:30.602  INFO 3624 --- [           main] lavalink.server.config.KoeConfiguration  : OS: Linux, Arch: aarch64
2022-01-10 23:48:30.602  WARN 3624 --- [           main] lavalink.server.config.KoeConfiguration  : This system and architecture appears to not support native audio sending! GC pauses may cause your bot to stutter during playback.
2022-01-10 23:48:30.935  INFO 3624 --- [           main] o.s.s.concurrent.ThreadPoolTaskExecutor  : Initializing ExecutorService 'applicationTaskExecutor'
2022-01-10 23:48:31.235  INFO 3624 --- [           main] org.xnio                                 : XNIO version 3.3.8.Final
2022-01-10 23:48:31.244  INFO 3624 --- [           main] org.xnio.nio                             : XNIO NIO Implementation Version 3.3.8.Final
2022-01-10 23:48:31.327  INFO 3624 --- [           main] o.s.b.w.e.u.UndertowServletWebServer     : Undertow started on port(s) 2333 (http) with context path ''
2022-01-10 23:48:31.330  INFO 3624 --- [           main] lavalink.server.Launcher                 : Started Launcher in 4.159 seconds (JVM running for 4.815)
2022-01-10 23:48:31.332  INFO 3624 --- [           main] lavalink.server.Launcher                 : You can safely ignore the big red warning about illegal reflection. See https://github.com/Frederikam/Lavalink/issues/295
2022-01-10 23:48:36.281  INFO 3624 --- [  XNIO-1 task-1] io.undertow.servlet                      : Initializing Spring DispatcherServlet 'dispatcherServlet'
2022-01-10 23:48:36.282  INFO 3624 --- [  XNIO-1 task-1] o.s.web.servlet.DispatcherServlet        : Initializing Servlet 'dispatcherServlet'
2022-01-10 23:48:36.288  INFO 3624 --- [  XNIO-1 task-1] o.s.web.servlet.DispatcherServlet        : Completed initialization in 6 ms
2022-01-10 23:48:36.308  INFO 3624 --- [  XNIO-1 task-1] l.server.io.HandshakeInterceptorImpl     : Incoming connection from /10.0.0.37:55054
2022-01-10 23:48:36.374  INFO 3624 --- [  XNIO-1 task-1] lavalink.server.io.SocketServer          : Connection successfully established from /10.0.0.37:55054
2022-01-10 23:48:36.383 ERROR 3624 --- [pool-1-thread-1] o.h.p.linux.LinuxCentralProcessor        : Couldn't find physical processor count. Assuming 1.
2022-01-10 23:48:36.383 ERROR 3624 --- [pool-1-thread-1] o.h.p.linux.LinuxCentralProcessor        : Couldn't find physical package count. Assuming 1.
2022-01-10 23:48:43.810  INFO 3624 --- [   XNIO-1 I/O-2] lavalink.server.io.SocketServer          : {"op": "voiceUpdate", "guildId": "832727996220964916", "sessionId": "7357a7c18027293bcf72c8bb3e5c6e04", "event": {"token": "61c3f85390bcfe53", "guild_id": "832727996220964916", "endpoint": "santa-clara8936.discord.media:443"}}
2022-01-10 23:48:54.315  INFO 3624 --- [  XNIO-1 task-2] l.server.player.AudioLoaderRestHandler   : Got request to load for identifier "ytsearch:https://www.youtube.com/watch?v=-2wdRCCMHK8"
2022-01-10 23:48:55.158  INFO 3624 --- [ader-2-thread-1] lavalink.server.player.AudioLoader       : Loaded playlist Search results for: https://www.youtube.com/watch?v=-2wdRCCMHK8
2022-01-10 23:48:55.186  INFO 3624 --- [   XNIO-1 I/O-2] lavalink.server.io.SocketServer          : {"op": "play", "guildId": "832727996220964916", "track": "QAABHQIAllRW44Ki44OL44Oh44CM546L5qeY44Op44Oz44Kt44Oz44Kw44CN56ysMuOCr+ODvOODqyDjgqrjg7zjg5fjg4vjg7PjgrDjg7vjg4bjg7zjg57jgIzoo7jjga7li4fogIXjgI1PUOODjuODs+OCr+ODrOOCuOODg+ODiOaYoOWDj++9nOacn+mWk+mZkOWumumFjeS/oQAt44Ki44OL44OX44Os44OD44Kv44K5IFlvdVR1YmUg44OB44Oj44Oz44ON44OrAAAAAAABY3gACy0yd2RSQ0NNSEs4AAEAK2h0dHBzOi8vd3d3LnlvdXR1YmUuY29tL3dhdGNoP3Y9LTJ3ZFJDQ01ISzgAB3lvdXR1YmUAAAAAAAAAAA==", "noReplace": false, "startTime": "0"}
2022-01-10 23:49:00.717  INFO 3624 --- [   XNIO-1 I/O-2] lavalink.server.io.SocketServer          : Connection closed from /10.0.0.37:55054 -- CloseStatus[code=1006, reason=]
2022-01-10 23:49:00.723  INFO 3624 --- [   XNIO-1 I/O-2] lavalink.server.io.SocketContext         : Shutting down 1 playing players.
2022-01-10 23:49:34.374  INFO 3624 --- [  XNIO-1 task-4] l.server.io.HandshakeInterceptorImpl     : Incoming connection from /10.0.0.37:55094
2022-01-10 23:49:34.462  INFO 3624 --- [  XNIO-1 task-4] lavalink.server.io.SocketServer          : Connection successfully established from /10.0.0.37:55094
2022-01-10 23:49:34.474 ERROR 3624 --- [pool-2-thread-1] o.h.p.linux.LinuxCentralProcessor        : Couldn't find physical processor count. Assuming 1.
2022-01-10 23:49:34.475 ERROR 3624 --- [pool-2-thread-1] o.h.p.linux.LinuxCentralProcessor        : Couldn't find physical package count. Assuming 1.
2022-01-10 23:49:50.619  INFO 3624 --- [  XNIO-1 task-5] l.server.player.AudioLoaderRestHandler   : Got request to load for identifier "ytsearch:https://www.youtube.com/watch?v=-2wdRCCMHK8"
2022-01-10 23:49:50.903  INFO 3624 --- [   XNIO-1 I/O-2] lavalink.server.io.SocketServer          : {"op": "voiceUpdate", "guildId": "832727996220964916", "sessionId": "d551568c3469a100c5989e843a48b430", "event": {"token": "61c3f85390bcfe53", "guild_id": "832727996220964916", "endpoint": "santa-clara8936.discord.media:443"}}
2022-01-10 23:49:51.138  INFO 3624 --- [ader-2-thread-1] lavalink.server.player.AudioLoader       : Loaded playlist Search results for: https://www.youtube.com/watch?v=-2wdRCCMHK8
2022-01-10 23:49:51.154  INFO 3624 --- [   XNIO-1 I/O-2] lavalink.server.io.SocketServer          : {"op": "play", "guildId": "832727996220964916", "track": "QAABHQIAllRW44Ki44OL44Oh44CM546L5qeY44Op44Oz44Kt44Oz44Kw44CN56ysMuOCr+ODvOODqyDjgqrjg7zjg5fjg4vjg7PjgrDjg7vjg4bjg7zjg57jgIzoo7jjga7li4fogIXjgI1PUOODjuODs+OCr+ODrOOCuOODg+ODiOaYoOWDj++9nOacn+mWk+mZkOWumumFjeS/oQAt44Ki44OL44OX44Os44OD44Kv44K5IFlvdVR1YmUg44OB44Oj44Oz44ON44OrAAAAAAABY3gACy0yd2RSQ0NNSEs4AAEAK2h0dHBzOi8vd3d3LnlvdXR1YmUuY29tL3dhdGNoP3Y9LTJ3ZFJDQ01ISzgAB3lvdXR1YmUAAAAAAAAAAA==", "noReplace": false, "startTime": "0"}
2022-01-10 23:49:51.591 ERROR 3624 --- [back-1-thread-1] c.s.d.l.t.p.LocalAudioTrackExecutor      : Error in playback of -2wdRCCMHK8

com.sedmelluq.discord.lavaplayer.tools.FriendlyException: Something broke when playing the track.
	at com.sedmelluq.discord.lavaplayer.tools.ExceptionTools.wrapUnfriendlyExceptions(ExceptionTools.java:44) ~[lavaplayer-1.3.76.jar!/:na]
	at com.sedmelluq.discord.lavaplayer.track.playback.LocalAudioTrackExecutor.execute(LocalAudioTrackExecutor.java:116) ~[lavaplayer-1.3.76.jar!/:na]
	at com.sedmelluq.discord.lavaplayer.player.DefaultAudioPlayerManager.lambda$executeTrack$1(DefaultAudioPlayerManager.java:348) ~[lavaplayer-1.3.76.jar!/:na]
	at java.base/java.util.concurrent.ThreadPoolExecutor.runWorker(ThreadPoolExecutor.java:1136) ~[na:na]
	at java.base/java.util.concurrent.ThreadPoolExecutor$Worker.run(ThreadPoolExecutor.java:635) ~[na:na]
	at java.base/java.lang.Thread.run(Thread.java:833) ~[na:na]
	Suppressed: com.sedmelluq.discord.lavaplayer.tools.exception.EnvironmentInformation: 
  lavaplayer.version: 1.3.76
  os.arch: aarch64
  os.name: Linux
  os.version: 5.11.0-1025-oracle
  java.vendor: Private Build
  java.version: 17.0.1
  java.runtime.version: 17.0.1+12-Ubuntu-120.04
  java.vm.version: 17.0.1+12-Ubuntu-120.04
Caused by: java.lang.RuntimeException: Not success status code: 403
	at com.sedmelluq.discord.lavaplayer.tools.io.PersistentHttpStream.validateStatusCode(PersistentHttpStream.java:87) ~[lavaplayer-1.3.76.jar!/:na]
	at com.sedmelluq.discord.lavaplayer.tools.io.PersistentHttpStream.attemptConnect(PersistentHttpStream.java:116) ~[lavaplayer-1.3.76.jar!/:na]
	at com.sedmelluq.discord.lavaplayer.tools.io.PersistentHttpStream.connect(PersistentHttpStream.java:105) ~[lavaplayer-1.3.76.jar!/:na]
	at com.sedmelluq.discord.lavaplayer.tools.io.PersistentHttpStream.internalRead(PersistentHttpStream.java:150) ~[lavaplayer-1.3.76.jar!/:na]
	at com.sedmelluq.discord.lavaplayer.tools.io.PersistentHttpStream.read(PersistentHttpStream.java:166) ~[lavaplayer-1.3.76.jar!/:na]
	at java.base/java.io.DataInputStream.readByte(DataInputStream.java:271) ~[na:na]
	at com.sedmelluq.discord.lavaplayer.container.matroska.format.MatroskaEbmlReader.readEbmlInteger(MatroskaEbmlReader.java:39) ~[lavaplayer-1.3.76.jar!/:na]
	at com.sedmelluq.discord.lavaplayer.container.matroska.format.MatroskaFileReader.readNextElement(MatroskaFileReader.java:45) ~[lavaplayer-1.3.76.jar!/:na]
	at com.sedmelluq.discord.lavaplayer.container.matroska.MatroskaStreamingFile.readFile(MatroskaStreamingFile.java:78) ~[lavaplayer-1.3.76.jar!/:na]
	at com.sedmelluq.discord.lavaplayer.container.matroska.MatroskaAudioTrack.loadMatroskaFile(MatroskaAudioTrack.java:51) ~[lavaplayer-1.3.76.jar!/:na]
	at com.sedmelluq.discord.lavaplayer.container.matroska.MatroskaAudioTrack.process(MatroskaAudioTrack.java:34) ~[lavaplayer-1.3.76.jar!/:na]
	at com.sedmelluq.discord.lavaplayer.track.DelegatedAudioTrack.processDelegate(DelegatedAudioTrack.java:25) ~[lavaplayer-1.3.76.jar!/:na]
	at com.sedmelluq.discord.lavaplayer.source.youtube.YoutubeAudioTrack.processStatic(YoutubeAudioTrack.java:57) ~[lavaplayer-1.3.76.jar!/:na]
	at com.sedmelluq.discord.lavaplayer.source.youtube.YoutubeAudioTrack.process(YoutubeAudioTrack.java:49) ~[lavaplayer-1.3.76.jar!/:na]
	at com.sedmelluq.discord.lavaplayer.track.playback.LocalAudioTrackExecutor.execute(LocalAudioTrackExecutor.java:104) ~[lavaplayer-1.3.76.jar!/:na]
	... 4 common frames omitted

2022-01-10 23:50:04.493  INFO 3624 --- [  XNIO-1 task-7] l.server.player.AudioLoaderRestHandler   : Got request to load for identifier "ytsearch:https://www.youtube.com/watch?v=-2wdRCCMHK8"
2022-01-10 23:50:04.542  INFO 3624 --- [   XNIO-1 I/O-2] lavalink.server.io.SocketServer          : {"op": "voiceUpdate", "guildId": "832727996220964916", "sessionId": "d551568c3469a100c5989e843a48b430", "event": {"token": "ce0a9271b6bea7ec", "guild_id": "832727996220964916", "endpoint": "santa-clara8936.discord.media:443"}}
2022-01-10 23:50:05.024  INFO 3624 --- [ader-2-thread-1] lavalink.server.player.AudioLoader       : Loaded playlist Search results for: https://www.youtube.com/watch?v=-2wdRCCMHK8
2022-01-10 23:50:05.037  INFO 3624 --- [   XNIO-1 I/O-2] lavalink.server.io.SocketServer          : {"op": "play", "guildId": "832727996220964916", "track": "QAABHQIAllRW44Ki44OL44Oh44CM546L5qeY44Op44Oz44Kt44Oz44Kw44CN56ysMuOCr+ODvOODqyDjgqrjg7zjg5fjg4vjg7PjgrDjg7vjg4bjg7zjg57jgIzoo7jjga7li4fogIXjgI1PUOODjuODs+OCr+ODrOOCuOODg+ODiOaYoOWDj++9nOacn+mWk+mZkOWumumFjeS/oQAt44Ki44OL44OX44Os44OD44Kv44K5IFlvdVR1YmUg44OB44Oj44Oz44ON44OrAAAAAAABY3gACy0yd2RSQ0NNSEs4AAEAK2h0dHBzOi8vd3d3LnlvdXR1YmUuY29tL3dhdGNoP3Y9LTJ3ZFJDQ01ISzgAB3lvdXR1YmUAAAAAAAAAAA==", "noReplace": false, "startTime": "0"}
2022-01-10 23:53:37.499  INFO 3624 --- [  XNIO-1 task-9] l.server.player.AudioLoaderRestHandler   : Got request to load for identifier "ytsearch:https://www.youtube.com/watch?v=cLJf-5tFv4k"
2022-01-10 23:53:37.719  INFO 3624 --- [   XNIO-1 I/O-2] lavalink.server.io.SocketServer          : {"op": "voiceUpdate", "guildId": "800843827375898625", "sessionId": "d551568c3469a100c5989e843a48b430", "event": {"token": "0b3db0e6f2a02fa5", "guild_id": "800843827375898625", "endpoint": "santa-clara9683.discord.media:443"}}
2022-01-10 23:53:37.891  INFO 3624 --- [ader-2-thread-1] lavalink.server.player.AudioLoader       : Loaded playlist Search results for: https://www.youtube.com/watch?v=cLJf-5tFv4k
2022-01-10 23:53:37.901  INFO 3624 --- [   XNIO-1 I/O-2] lavalink.server.io.SocketServer          : {"op": "play", "guildId": "800843827375898625", "track": "QAAApgIAMlRvZ2XvvIhWbzrjgYLjgojvvIkv5qOu576F5LiH6LGhIOOAkE11c2ljIFZpZGVv44CRABrmo67nvoXkuIfosaEvU2hpbnJhLUJhbnNobwAAAAAAA8jAAAtjTEpmLTV0RnY0awABACtodHRwczovL3d3dy55b3V0dWJlLmNvbS93YXRjaD92PWNMSmYtNXRGdjRrAAd5b3V0dWJlAAAAAAAAAAA=", "noReplace": false, "startTime": "0"}
2022-01-10 23:53:39.502 ERROR 3624 --- [back-1-thread-1] c.s.d.l.t.p.LocalAudioTrackExecutor      : Error in playback of cLJf-5tFv4k

com.sedmelluq.discord.lavaplayer.tools.FriendlyException: Something broke when playing the track.
	at com.sedmelluq.discord.lavaplayer.tools.ExceptionTools.wrapUnfriendlyExceptions(ExceptionTools.java:44) ~[lavaplayer-1.3.76.jar!/:na]
	at com.sedmelluq.discord.lavaplayer.track.playback.LocalAudioTrackExecutor.execute(LocalAudioTrackExecutor.java:116) ~[lavaplayer-1.3.76.jar!/:na]
	at com.sedmelluq.discord.lavaplayer.player.DefaultAudioPlayerManager.lambda$executeTrack$1(DefaultAudioPlayerManager.java:348) ~[lavaplayer-1.3.76.jar!/:na]
	at java.base/java.util.concurrent.ThreadPoolExecutor.runWorker(ThreadPoolExecutor.java:1136) ~[na:na]
	at java.base/java.util.concurrent.ThreadPoolExecutor$Worker.run(ThreadPoolExecutor.java:635) ~[na:na]
	at java.base/java.lang.Thread.run(Thread.java:833) ~[na:na]
	Suppressed: com.sedmelluq.discord.lavaplayer.tools.exception.EnvironmentInformation: 
  lavaplayer.version: 1.3.76
  os.arch: aarch64
  os.name: Linux
  os.version: 5.11.0-1025-oracle
  java.vendor: Private Build
  java.version: 17.0.1
  java.runtime.version: 17.0.1+12-Ubuntu-120.04
  java.vm.version: 17.0.1+12-Ubuntu-120.04
Caused by: java.lang.RuntimeException: Not success status code: 403
	at com.sedmelluq.discord.lavaplayer.tools.io.PersistentHttpStream.validateStatusCode(PersistentHttpStream.java:87) ~[lavaplayer-1.3.76.jar!/:na]
	at com.sedmelluq.discord.lavaplayer.tools.io.PersistentHttpStream.attemptConnect(PersistentHttpStream.java:116) ~[lavaplayer-1.3.76.jar!/:na]
	at com.sedmelluq.discord.lavaplayer.tools.io.PersistentHttpStream.connect(PersistentHttpStream.java:105) ~[lavaplayer-1.3.76.jar!/:na]
	at com.sedmelluq.discord.lavaplayer.tools.io.PersistentHttpStream.internalRead(PersistentHttpStream.java:150) ~[lavaplayer-1.3.76.jar!/:na]
	at com.sedmelluq.discord.lavaplayer.tools.io.PersistentHttpStream.read(PersistentHttpStream.java:166) ~[lavaplayer-1.3.76.jar!/:na]
	at java.base/java.io.DataInputStream.readByte(DataInputStream.java:271) ~[na:na]
	at com.sedmelluq.discord.lavaplayer.container.matroska.format.MatroskaEbmlReader.readEbmlInteger(MatroskaEbmlReader.java:39) ~[lavaplayer-1.3.76.jar!/:na]
	at com.sedmelluq.discord.lavaplayer.container.matroska.format.MatroskaFileReader.readNextElement(MatroskaFileReader.java:45) ~[lavaplayer-1.3.76.jar!/:na]
	at com.sedmelluq.discord.lavaplayer.container.matroska.MatroskaStreamingFile.readFile(MatroskaStreamingFile.java:78) ~[lavaplayer-1.3.76.jar!/:na]
	at com.sedmelluq.discord.lavaplayer.container.matroska.MatroskaAudioTrack.loadMatroskaFile(MatroskaAudioTrack.java:51) ~[lavaplayer-1.3.76.jar!/:na]
	at com.sedmelluq.discord.lavaplayer.container.matroska.MatroskaAudioTrack.process(MatroskaAudioTrack.java:34) ~[lavaplayer-1.3.76.jar!/:na]
	at com.sedmelluq.discord.lavaplayer.track.DelegatedAudioTrack.processDelegate(DelegatedAudioTrack.java:25) ~[lavaplayer-1.3.76.jar!/:na]
	at com.sedmelluq.discord.lavaplayer.source.youtube.YoutubeAudioTrack.processStatic(YoutubeAudioTrack.java:57) ~[lavaplayer-1.3.76.jar!/:na]
	at com.sedmelluq.discord.lavaplayer.source.youtube.YoutubeAudioTrack.process(YoutubeAudioTrack.java:49) ~[lavaplayer-1.3.76.jar!/:na]
	at com.sedmelluq.discord.lavaplayer.track.playback.LocalAudioTrackExecutor.execute(LocalAudioTrackExecutor.java:104) ~[lavaplayer-1.3.76.jar!/:na]
	... 4 common frames omitted

2022-01-10 23:53:44.301  INFO 3624 --- [ XNIO-1 task-11] l.server.player.AudioLoaderRestHandler   : Got request to load for identifier "ytsearch:https://www.youtube.com/watch?v=cLJf-5tFv4k"
2022-01-10 23:53:44.414  INFO 3624 --- [   XNIO-1 I/O-2] lavalink.server.io.SocketServer          : {"op": "voiceUpdate", "guildId": "800843827375898625", "sessionId": "d551568c3469a100c5989e843a48b430", "event": {"token": "5914026d7c96019c", "guild_id": "800843827375898625", "endpoint": "santa-clara9683.discord.media:443"}}
2022-01-10 23:53:44.629  INFO 3624 --- [ader-2-thread-1] lavalink.server.player.AudioLoader       : Loaded playlist Search results for: https://www.youtube.com/watch?v=cLJf-5tFv4k
2022-01-10 23:53:44.644  INFO 3624 --- [   XNIO-1 I/O-2] lavalink.server.io.SocketServer          : {"op": "play", "guildId": "800843827375898625", "track": "QAAApgIAMlRvZ2XvvIhWbzrjgYLjgojvvIkv5qOu576F5LiH6LGhIOOAkE11c2ljIFZpZGVv44CRABrmo67nvoXkuIfosaEvU2hpbnJhLUJhbnNobwAAAAAAA8jAAAtjTEpmLTV0RnY0awABACtodHRwczovL3d3dy55b3V0dWJlLmNvbS93YXRjaD92PWNMSmYtNXRGdjRrAAd5b3V0dWJlAAAAAAAAAAA=", "noReplace": false, "startTime": "0"}
2022-01-10 23:58:09.799  INFO 3624 --- [ XNIO-1 task-13] l.server.player.AudioLoaderRestHandler   : Got request to load for identifier "ytsearch:https://www.youtube.com/watch?v=8If-yEo-ilM"
2022-01-10 23:58:09.889  INFO 3624 --- [   XNIO-1 I/O-2] lavalink.server.io.SocketServer          : {"op": "voiceUpdate", "guildId": "800843827375898625", "sessionId": "d551568c3469a100c5989e843a48b430", "event": {"token": "333e56168acc12d3", "guild_id": "800843827375898625", "endpoint": "santa-clara9683.discord.media:443"}}
2022-01-10 23:58:10.821  INFO 3624 --- [ader-2-thread-1] lavalink.server.player.AudioLoader       : Loaded playlist Search results for: https://www.youtube.com/watch?v=8If-yEo-ilM
2022-01-10 23:58:10.844  INFO 3624 --- [   XNIO-1 I/O-2] lavalink.server.io.SocketServer          : {"op": "play", "guildId": "800843827375898625", "track": "QAAAgQIAH+mjm+ihjOiJhyAoSGlrb3V0ZWkp77yPZG9uZ2RhbmcACGRvbmdkYW5nAAAAAAAD/3AACzhJZi15RW8taWxNAAEAK2h0dHBzOi8vd3d3LnlvdXR1YmUuY29tL3dhdGNoP3Y9OElmLXlFby1pbE0AB3lvdXR1YmUAAAAAAAAAAA==", "noReplace": false, "startTime": "0"}
