2022-03-16 06:40:55.172  INFO 282797 --- [XNIO-1 I/O-4] lavalink.server.io.SocketServer          : {"op": "voiceUpdate", "guildId": "800843827375898625", "sessionId": "d1bd8b42b973efde2a46c65aec7abd1f", "event": {"token": "6117ba1ec032fde3", "guild_id": "800843827375898625", "endpoint": "us-west5834.discord.media:443"}}
2022-03-16 06:40:55.208  INFO 282797 --- [XNIO-1 task-2] l.server.player.AudioLoaderRestHandler   : Got request to load for identifier "ytsearch:daoko party night"
2022-03-16 06:40:55.990  INFO 282797 --- [lava-daemon-pool-info-loader-2-thread-1] lavalink.server.player.AudioLoader       : Loaded playlist Search results for: daoko party night
2022-03-16 06:40:56.020  INFO 282797 --- [XNIO-1 I/O-4] lavalink.server.io.SocketServer          : {"op": "play", "guildId": "800843827375898625", "track": "QAAArgIASFBhcnR5IE5pZ2h0IC0gQXJrbmlnaHRzIFggREFPS0/Dl+WyoeadkemdluW5uCAg44K544OG44OD44OX44Ki44OD44OXTE9WRQAMVHdpbGxlZCBXYXZlAAAAAAABtYAAC213YW5Ja0hhRHhvAAEAK2h0dHBzOi8vd3d3LnlvdXR1YmUuY29tL3dhdGNoP3Y9bXdhbklrSGFEeG8AB3lvdXR1YmUAAAAAAAAAAA==", "noReplace": false, "startTime": "0"}
2022-03-16 06:41:55.852  INFO 282797 --- [XNIO-1 I/O-4] lavalink.server.io.SocketServer          : {"op": "stop", "guildId": "800843827375898625"}
2022-03-16 06:41:55.858  INFO 282797 --- [XNIO-1 task-4] l.server.player.AudioLoaderRestHandler   : Got request to load for identifier "ytsearch:https://www.youtube.com/watch?v=wsl8HS_lVHE"
2022-03-16 06:41:56.818  INFO 282797 --- [lava-daemon-pool-info-loader-2-thread-1] lavalink.server.player.AudioLoader       : Loaded playlist Search results for: https://www.youtube.com/watch?v=wsl8HS_lVHE
2022-03-16 06:41:56.826  INFO 282797 --- [XNIO-1 I/O-4] lavalink.server.io.SocketServer          : {"op": "play", "guildId": "800843827375898625", "track": "QAAAngIAP0RBT0tPIMOXIOWyoeadkemdluW5uOOAjuOCueODhuODg+ODl+OCouODg+ODl0xPVkXjgI9NVVNJQyBWSURFTwAFRGFva28AAAAAAAR0oAALd3NsOEhTX2xWSEUAAQAraHR0cHM6Ly93d3cueW91dHViZS5jb20vd2F0Y2g/dj13c2w4SFNfbFZIRQAHeW91dHViZQAAAAAAAAAA", "noReplace": false, "startTime": "0"}
2022-03-16 06:48:19.700  INFO 282797 --- [XNIO-1 task-6] l.server.player.AudioLoaderRestHandler   : Got request to load for identifier "ytsearch:https://www.youtube.com/watch?v=dpE4R8dsqfQ"
2022-03-16 06:48:19.724  INFO 282797 --- [XNIO-1 I/O-4] lavalink.server.io.SocketServer          : {"op": "voiceUpdate", "guildId": "800843827375898625", "sessionId": "d1bd8b42b973efde2a46c65aec7abd1f", "event": {"token": "d6a78f2f93161351", "guild_id": "800843827375898625", "endpoint": "us-west5834.discord.media:443"}}
2022-03-16 06:48:20.243  INFO 282797 --- [lava-daemon-pool-info-loader-2-thread-1] lavalink.server.player.AudioLoader       : Loaded playlist Search results for: https://www.youtube.com/watch?v=dpE4R8dsqfQ
2022-03-16 06:48:20.249  INFO 282797 --- [XNIO-1 I/O-4] lavalink.server.io.SocketServer          : {"op": "play", "guildId": "800843827375898625", "track": "QAABHAIAp0NyYWIg6J+5IENsdWLjgI7jgqLjg4Pjg4jjg7vjgrbjg7vpm7vohLPjgrfjg4bjgqPjgI/jgJDjgrjjg6Pjg7Pjg5fvvIvDl2F2ZXggL+OCouODvOODhuOCo+OCueODiO+8lue1hOS4reS4gOeVqumrmOipleS+oeOCkumbhuOCgeOBn+iAheOBjOWEquWLnS/jgI5QUk9KRUNUIENPTVVD44CP44CRABvjgrjjg6Pjg7Pjg5fjg4Hjg6Pjg7Pjg43jg6sAAAAAAAK/IAALZkhxZnIwS2R6WDQAAQAraHR0cHM6Ly93d3cueW91dHViZS5jb20vd2F0Y2g/dj1mSHFmcjBLZHpYNAAHeW91dHViZQAAAAAAAAAA", "noReplace": false, "startTime": "0"}
2022-03-16 06:49:30.417  INFO 282797 --- [XNIO-1 I/O-4] lavalink.server.io.SocketServer          : {"op": "stop", "guildId": "800843827375898625"}
2022-03-16 06:49:30.422  INFO 282797 --- [XNIO-1 task-8] l.server.player.AudioLoaderRestHandler   : Got request to load for identifier "ytsearch:https://www.youtube.com/watch?v=dpE4R8dsqfQ"
2022-03-16 06:49:30.869  INFO 282797 --- [lava-daemon-pool-info-loader-2-thread-1] lavalink.server.player.AudioLoader       : Loaded playlist Search results for: https://www.youtube.com/watch?v=dpE4R8dsqfQ
2022-03-16 06:49:30.874  INFO 282797 --- [XNIO-1 I/O-4] lavalink.server.io.SocketServer          : {"op": "play", "guildId": "800843827375898625", "track": "QAABHAIAp0NyYWIg6J+5IENsdWLjgI7jgqLjg4Pjg4jjg7vjgrbjg7vpm7vohLPjgrfjg4bjgqPjgI/jgJDjgrjjg6Pjg7Pjg5fvvIvDl2F2ZXggL+OCouODvOODhuOCo+OCueODiO+8lue1hOS4reS4gOeVqumrmOipleS+oeOCkumbhuOCgeOBn+iAheOBjOWEquWLnS/jgI5QUk9KRUNUIENPTVVD44CP44CRABvjgrjjg6Pjg7Pjg5fjg4Hjg6Pjg7Pjg43jg6sAAAAAAAK/IAALZkhxZnIwS2R6WDQAAQAraHR0cHM6Ly93d3cueW91dHViZS5jb20vd2F0Y2g/dj1mSHFmcjBLZHpYNAAHeW91dHViZQAAAAAAAAAA", "noReplace": false, "startTime": "0"}
2022-03-16 06:49:57.790  INFO 282797 --- [XNIO-1 I/O-4] lavalink.server.io.SocketServer          : {"op": "stop", "guildId": "800843827375898625"}
2022-03-16 06:49:57.794  INFO 282797 --- [XNIO-1 task-10] l.server.player.AudioLoaderRestHandler   : Got request to load for identifier "ytsearch:https://www.youtube.com/watch?v=sxY5lfttrgA"
2022-03-16 06:49:58.369  INFO 282797 --- [lava-daemon-pool-info-loader-2-thread-1] lavalink.server.player.AudioLoader       : Loaded playlist Search results for: https://www.youtube.com/watch?v=sxY5lfttrgA
2022-03-16 06:49:58.374  INFO 282797 --- [XNIO-1 I/O-4] lavalink.server.io.SocketServer          : {"op": "play", "guildId": "800843827375898625", "track": "QAABAAIAi0NoZXZvbuOAjuOCr+ODreODvOODs+OAj+OAkOOCuOODo+ODs+ODl++8i8OXYXZleCAv44Ki44O844OG44Kj44K544OI77yW57WE5Lit5LiA55Wq6auY6KmV5L6h44KS6ZuG44KB44Gf6ICF44GM5YSq5YudL+OAjlBST0pFQ1QgQ09NVUPjgI/jgJEAG+OCuOODo+ODs+ODl+ODgeODo+ODs+ODjeODqwAAAAAAAX7QAAtzeFk1bGZ0dHJnQQABACtodHRwczovL3d3dy55b3V0dWJlLmNvbS93YXRjaD92PXN4WTVsZnR0cmdBAAd5b3V0dWJlAAAAAAAAAAA=", "noReplace": false, "startTime": "0"}
2022-03-16 06:52:08.614  INFO 282797 --- [XNIO-1 I/O-4] lavalink.server.io.SocketServer          : {"op": "stop", "guildId": "800843827375898625"}
2022-03-16 06:57:09.253  INFO 307723 --- [main] lavalink.server.Launcher                 : 

[32m       .  [31m _                  _ _       _    [32m__ _ _
[32m      /\\ [31m| | __ ___   ____ _| (_)_ __ | | __[32m\ \ \ \
[32m     ( ( )[31m| |/ _` \ \ / / _` | | | '_ \| |/ /[32m \ \ \ \
[32m      \\/ [31m| | (_| |\ V / (_| | | | | | |   < [32m  ) ) ) )
[32m       '  [31m|_|\__,_| \_/ \__,_|_|_|_| |_|_|\_\[32m / / / /
[0m    =========================================[32m/_/_/_/[0m

	Version:        3.4
	Build:          1257
	Build time:     26.10.2021 14:18:37 UTC
	Branch          master
	Commit:         a364833
	Commit time:    26.10.2021 14:15:20 UTC
	JVM:            17.0.1
	Lavaplayer      1.3.96-original

2022-03-16 06:57:09.359  INFO 307723 --- [main] lavalink.server.Launcher                 : Starting Launcher on athena with PID 307723 (/home/ubuntu/Athena/lavalink/LavalinkPatch.jar started by ubuntu in /home/ubuntu/Athena/lavalink)
2022-03-16 06:57:09.361  INFO 307723 --- [main] lavalink.server.Launcher                 : No active profile set, falling back to default profiles: default
2022-03-16 06:57:09.412  WARN 307723 --- [background-preinit] o.s.h.c.j.Jackson2ObjectMapperBuilder    : For Jackson Kotlin classes support please add "com.fasterxml.jackson.module:jackson-module-kotlin" to the classpath
2022-03-16 06:57:10.720  WARN 307723 --- [main] io.undertow.websockets.jsr               : UT026010: Buffer pool was not set on WebSocketDeploymentInfo, the default pool will be used
2022-03-16 06:57:10.743  INFO 307723 --- [main] io.undertow.servlet                      : Initializing Spring embedded WebApplicationContext
2022-03-16 06:57:10.744  INFO 307723 --- [main] o.s.web.context.ContextLoader            : Root WebApplicationContext: initialization completed in 1325 ms
2022-03-16 06:57:11.446  INFO 307723 --- [main] c.s.d.l.tools.GarbageCollectionMonitor   : GC monitoring enabled, reporting results every 2 minutes.
2022-03-16 06:57:11.596  INFO 307723 --- [main] lavalink.server.config.KoeConfiguration  : OS: Linux, Arch: aarch64
2022-03-16 06:57:11.597  WARN 307723 --- [main] lavalink.server.config.KoeConfiguration  : This system and architecture appears to not support native audio sending! GC pauses may cause your bot to stutter during playback.
2022-03-16 06:57:11.615  WARN 307723 --- [main] l.server.config.SentryConfiguration      : Turning off sentry
2022-03-16 06:57:11.867  INFO 307723 --- [main] o.s.s.concurrent.ThreadPoolTaskExecutor  : Initializing ExecutorService 'applicationTaskExecutor'
2022-03-16 06:57:12.176  INFO 307723 --- [main] org.xnio                                 : XNIO version 3.3.8.Final
2022-03-16 06:57:12.184  INFO 307723 --- [main] org.xnio.nio                             : XNIO NIO Implementation Version 3.3.8.Final
2022-03-16 06:57:12.234  INFO 307723 --- [main] o.s.b.w.e.u.UndertowServletWebServer     : Undertow started on port(s) 2333 (http) with context path ''
2022-03-16 06:57:12.237  INFO 307723 --- [main] lavalink.server.Launcher                 : Started Launcher in 3.458 seconds (JVM running for 3.918)
2022-03-16 06:57:12.239  INFO 307723 --- [main] lavalink.server.Launcher                 : You can safely ignore the big red warning about illegal reflection. See https://github.com/freyacodes/Lavalink/issues/295
2022-03-16 06:57:16.292  INFO 307723 --- [XNIO-1 task-1] io.undertow.servlet                      : Initializing Spring DispatcherServlet 'dispatcherServlet'
2022-03-16 06:57:16.292  INFO 307723 --- [XNIO-1 task-1] o.s.web.servlet.DispatcherServlet        : Initializing Servlet 'dispatcherServlet'
2022-03-16 06:57:16.297  INFO 307723 --- [XNIO-1 task-1] o.s.web.servlet.DispatcherServlet        : Completed initialization in 5 ms
2022-03-16 06:57:16.316  INFO 307723 --- [XNIO-1 task-1] l.server.io.HandshakeInterceptorImpl     : Incoming connection from /10.0.0.156:45954
2022-03-16 06:57:16.370  INFO 307723 --- [XNIO-1 task-1] lavalink.server.io.SocketServer          : Connection successfully established
2022-03-16 06:57:16.370  WARN 307723 --- [XNIO-1 task-1] lavalink.server.io.SocketServer          : Library developers: Please specify a 'Client-Name' header. User agent: Python/3.8 aiohttp/3.7.4.post0
2022-03-16 06:57:19.698  INFO 307723 --- [XNIO-1 task-2] l.server.player.AudioLoaderRestHandler   : Got request to load for identifier "ytsearch:ãƒ­ã‚¯ãƒ‡ãƒŠã‚· ãŸã å£°ä¸€ã¤"
2022-03-16 06:57:19.768  INFO 307723 --- [XNIO-1 I/O-2] lavalink.server.io.SocketServer          : {"op": "voiceUpdate", "guildId": "800843827375898625", "sessionId": "2e85b1cfbcc303d25969bbdd8dc36ad6", "event": {"token": "6557c11f769a527b", "guild_id": "800843827375898625", "endpoint": "us-west5834.discord.media:443"}}
2022-03-16 06:57:20.483  INFO 307723 --- [lava-daemon-pool-info-loader-2-thread-1] lavalink.server.player.AudioLoader       : Loaded playlist Search results for: ãƒ­ã‚¯ãƒ‡ãƒŠã‚· ãŸã å£°ä¸€ã¤
2022-03-16 06:57:20.504  INFO 307723 --- [XNIO-1 I/O-2] lavalink.server.io.SocketServer          : {"op": "play", "guildId": "800843827375898625", "track": "QAAAeAIAD+OBn+OBoOWjsOS4gOOBpAAP44Ot44Kv44OH44OK44K3AAAAAAACeNAAC0l3UUduWHBza29ZAAEAK2h0dHBzOi8vd3d3LnlvdXR1YmUuY29tL3dhdGNoP3Y9SXdRR25YcHNrb1kAB3lvdXR1YmUAAAAAAAAAAA==", "noReplace": false, "startTime": "0"}
2022-03-16 06:58:19.555  INFO 307723 --- [XNIO-1 I/O-2] lavalink.server.io.SocketServer          : {"op": "stop", "guildId": "800843827375898625"}
2022-03-16 06:58:19.560  INFO 307723 --- [XNIO-1 task-4] l.server.player.AudioLoaderRestHandler   : Got request to load for identifier "ytsearch:https://www.youtube.com/watch?v=YsSShYaKOvk"
2022-03-16 06:58:20.984  INFO 307723 --- [lava-daemon-pool-info-loader-2-thread-1] lavalink.server.player.AudioLoader       : Loaded playlist Search results for: https://www.youtube.com/watch?v=YsSShYaKOvk
2022-03-16 06:58:20.992  INFO 307723 --- [XNIO-1 I/O-2] lavalink.server.io.SocketServer          : {"op": "play", "guildId": "800843827375898625", "track": "QAAA1wIANeOCouOCpOODh+ODs+ODhuOCo+ODhuOCoyAvIOWuteW0jiDlpY8gw5cg5Yid6Z+z44Of44KvAEjjg5fjg63jgrjjgqfjgq/jg4jjgrvjgqvjgqQg44Kr44Op44OV44Or44K544OG44O844K4ISBmZWF0LiDliJ3pn7Pjg5/jgq8AAAAAAAJ06AALWXNTU2hZYUtPdmsAAQAraHR0cHM6Ly93d3cueW91dHViZS5jb20vd2F0Y2g/dj1Zc1NTaFlhS092awAHeW91dHViZQAAAAAAAAAA", "noReplace": false, "startTime": "0"}
2022-03-16 06:59:07.017  INFO 307723 --- [XNIO-1 I/O-2] lavalink.server.io.SocketServer          : {"op": "stop", "guildId": "800843827375898625"}
2022-03-16 06:59:46.492  INFO 308482 --- [main] lavalink.server.Launcher                 : 

[32m       .  [31m _                  _ _       _    [32m__ _ _
[32m      /\\ [31m| | __ ___   ____ _| (_)_ __ | | __[32m\ \ \ \
[32m     ( ( )[31m| |/ _` \ \ / / _` | | | '_ \| |/ /[32m \ \ \ \
[32m      \\/ [31m| | (_| |\ V / (_| | | | | | |   < [32m  ) ) ) )
[32m       '  [31m|_|\__,_| \_/ \__,_|_|_|_| |_|_|\_\[32m / / / /
[0m    =========================================[32m/_/_/_/[0m

	Version:        3.4
	Build:          1257
	Build time:     26.10.2021 14:18:37 UTC
	Branch          master
	Commit:         a364833
	Commit time:    26.10.2021 14:15:20 UTC
	JVM:            17.0.1
	Lavaplayer      1.3.96-original

2022-03-16 06:59:46.610  INFO 308482 --- [main] lavalink.server.Launcher                 : Starting Launcher on athena with PID 308482 (/home/ubuntu/Athena/lavalink/LavalinkPatch.jar started by ubuntu in /home/ubuntu/Athena/lavalink)
2022-03-16 06:59:46.610  INFO 308482 --- [main] lavalink.server.Launcher                 : No active profile set, falling back to default profiles: default
2022-03-16 06:59:46.701  WARN 308482 --- [background-preinit] o.s.h.c.j.Jackson2ObjectMapperBuilder    : For Jackson Kotlin classes support please add "com.fasterxml.jackson.module:jackson-module-kotlin" to the classpath
2022-03-16 06:59:47.861  WARN 308482 --- [main] io.undertow.websockets.jsr               : UT026010: Buffer pool was not set on WebSocketDeploymentInfo, the default pool will be used
2022-03-16 06:59:47.894  INFO 308482 --- [main] io.undertow.servlet                      : Initializing Spring embedded WebApplicationContext
2022-03-16 06:59:47.895  INFO 308482 --- [main] o.s.web.context.ContextLoader            : Root WebApplicationContext: initialization completed in 1233 ms
2022-03-16 06:59:48.569  INFO 308482 --- [main] c.s.d.l.tools.GarbageCollectionMonitor   : GC monitoring enabled, reporting results every 2 minutes.
2022-03-16 06:59:48.715  INFO 308482 --- [main] lavalink.server.config.KoeConfiguration  : OS: Linux, Arch: aarch64
2022-03-16 06:59:48.715  WARN 308482 --- [main] lavalink.server.config.KoeConfiguration  : This system and architecture appears to not support native audio sending! GC pauses may cause your bot to stutter during playback.
2022-03-16 06:59:48.733  WARN 308482 --- [main] l.server.config.SentryConfiguration      : Turning off sentry
2022-03-16 06:59:49.002  INFO 308482 --- [main] o.s.s.concurrent.ThreadPoolTaskExecutor  : Initializing ExecutorService 'applicationTaskExecutor'
2022-03-16 06:59:49.278  INFO 308482 --- [main] org.xnio                                 : XNIO version 3.3.8.Final
2022-03-16 06:59:49.285  INFO 308482 --- [main] org.xnio.nio                             : XNIO NIO Implementation Version 3.3.8.Final
2022-03-16 06:59:49.344  INFO 308482 --- [main] o.s.b.w.e.u.UndertowServletWebServer     : Undertow started on port(s) 2333 (http) with context path ''
2022-03-16 06:59:49.349  INFO 308482 --- [main] lavalink.server.Launcher                 : Started Launcher in 3.374 seconds (JVM running for 3.863)
2022-03-16 06:59:49.351  INFO 308482 --- [main] lavalink.server.Launcher                 : You can safely ignore the big red warning about illegal reflection. See https://github.com/freyacodes/Lavalink/issues/295
2022-03-16 06:59:53.879  INFO 308482 --- [XNIO-1 task-1] io.undertow.servlet                      : Initializing Spring DispatcherServlet 'dispatcherServlet'
2022-03-16 06:59:53.880  INFO 308482 --- [XNIO-1 task-1] o.s.web.servlet.DispatcherServlet        : Initializing Servlet 'dispatcherServlet'
2022-03-16 06:59:53.885  INFO 308482 --- [XNIO-1 task-1] o.s.web.servlet.DispatcherServlet        : Completed initialization in 5 ms
2022-03-16 06:59:53.902  INFO 308482 --- [XNIO-1 task-1] l.server.io.HandshakeInterceptorImpl     : Incoming connection from /10.0.0.156:45984
2022-03-16 06:59:53.955  INFO 308482 --- [XNIO-1 task-1] lavalink.server.io.SocketServer          : Connection successfully established
2022-03-16 06:59:53.955  WARN 308482 --- [XNIO-1 task-1] lavalink.server.io.SocketServer          : Library developers: Please specify a 'Client-Name' header. User agent: Python/3.8 aiohttp/3.7.4.post0
2022-03-16 06:59:59.950  INFO 308482 --- [XNIO-1 task-2] l.server.player.AudioLoaderRestHandler   : Got request to load for identifier "ytsearch:https://www.youtube.com/watch?v=YsSShYaKOvk"
2022-03-16 07:00:00.223  INFO 308482 --- [XNIO-1 I/O-4] lavalink.server.io.SocketServer          : {"op": "voiceUpdate", "guildId": "800843827375898625", "sessionId": "be5e0242814f3435959ca5c8e91c171b", "event": {"token": "6557c11f769a527b", "guild_id": "800843827375898625", "endpoint": "us-west5834.discord.media:443"}}
2022-03-16 07:00:00.554  INFO 308482 --- [lava-daemon-pool-info-loader-2-thread-1] lavalink.server.player.AudioLoader       : Loaded playlist Search results for: https://www.youtube.com/watch?v=YsSShYaKOvk
2022-03-16 07:00:00.580  INFO 308482 --- [XNIO-1 I/O-4] lavalink.server.io.SocketServer          : {"op": "play", "guildId": "800843827375898625", "track": "QAAA1wIANeOCouOCpOODh+ODs+ODhuOCo+ODhuOCoyAvIOWuteW0jiDlpY8gw5cg5Yid6Z+z44Of44KvAEjjg5fjg63jgrjjgqfjgq/jg4jjgrvjgqvjgqQg44Kr44Op44OV44Or44K544OG44O844K4ISBmZWF0LiDliJ3pn7Pjg5/jgq8AAAAAAAJ06AALWXNTU2hZYUtPdmsAAQAraHR0cHM6Ly93d3cueW91dHViZS5jb20vd2F0Y2g/dj1Zc1NTaFlhS092awAHeW91dHViZQAAAAAAAAAA", "noReplace": false, "startTime": "0"}
2022-03-16 07:01:10.332  INFO 308482 --- [XNIO-1 I/O-4] lavalink.server.io.SocketServer          : {"op": "stop", "guildId": "800843827375898625"}
2022-03-16 07:01:10.337  INFO 308482 --- [XNIO-1 task-4] l.server.player.AudioLoaderRestHandler   : Got request to load for identifier "scsearch:deez nuts"
2022-03-16 07:01:10.340  INFO 308482 --- [lava-daemon-pool-info-loader-2-thread-1] c.s.d.l.s.s.SoundCloudClientIdTracker    : Updating SoundCloud client ID (current is null).
2022-03-16 07:01:10.770  INFO 308482 --- [lava-daemon-pool-info-loader-2-thread-1] c.s.d.l.s.s.SoundCloudClientIdTracker    : Updating SoundCloud client ID succeeded, new ID is iJrxQkZJ16hwLUMCp8VVr69JP84PChVF.
2022-03-16 07:01:11.177  INFO 308482 --- [lava-daemon-pool-info-loader-2-thread-1] lavalink.server.player.AudioLoader       : Loaded playlist Search results for: deez nuts
2022-03-16 07:01:11.185  INFO 308482 --- [XNIO-1 I/O-4] lavalink.server.io.SocketServer          : {"op": "play", "guildId": "800843827375898625", "track": "QAAA3gIACURFRVogTlVUUwAOR2Vyb25pbW8gQmVhdHMAAAAAAAINPwBxTzpodHRwczovL2FwaS12Mi5zb3VuZGNsb3VkLmNvbS9tZWRpYS9zb3VuZGNsb3VkOnRyYWNrczoyMDI3OTIyMDcvOWFjMDMxZjItNTU4Mi00NjM1LTgzYzgtOWMxMTE1OGFhN2QwL3N0cmVhbS9obHMAAQAvaHR0cHM6Ly9zb3VuZGNsb3VkLmNvbS9nZXJvbmltby1iZWF0cy9kZWV6LW51dHMACnNvdW5kY2xvdWQAAAAAAAAAAA==", "noReplace": false, "startTime": "0"}
2022-03-16 07:01:17.201  INFO 308482 --- [XNIO-1 I/O-4] lavalink.server.io.SocketServer          : {"op": "stop", "guildId": "800843827375898625"}
2022-03-16 07:01:17.206  INFO 308482 --- [XNIO-1 task-6] l.server.player.AudioLoaderRestHandler   : Got request to load for identifier "scsearch:cat in a pickle"
2022-03-16 07:01:17.625  INFO 308482 --- [lava-daemon-pool-info-loader-2-thread-1] lavalink.server.player.AudioLoader       : Loaded playlist Search results for: cat in a pickle
2022-03-16 07:01:17.631  INFO 308482 --- [XNIO-1 I/O-4] lavalink.server.io.SocketServer          : {"op": "play", "guildId": "800843827375898625", "track": "QAAA7QIAGkNhdCBJbiBBIFBpY2tsZSBbb3JpZ2luYWxdAARueWFhAAAAAAABDgYAcU86aHR0cHM6Ly9hcGktdjIuc291bmRjbG91ZC5jb20vbWVkaWEvc291bmRjbG91ZDp0cmFja3M6NDExOTg1NTk2LzZkZmI0OGIyLTAzNmItNGQ3ZC1iNmEwLTM5YzFlMzI2MWNkMS9zdHJlYW0vaGxzAAEAN2h0dHBzOi8vc291bmRjbG91ZC5jb20vbnlhYWNodS9jYXQtaW4tYS1waWNrbGUtb3JpZ2luYWwACnNvdW5kY2xvdWQAAAAAAAAAAA==", "noReplace": false, "startTime": "0"}
2022-03-16 07:03:55.639  INFO 308482 --- [XNIO-1 I/O-4] lavalink.server.io.SocketServer          : {"op": "voiceUpdate", "guildId": "800843827375898625", "sessionId": "be5e0242814f3435959ca5c8e91c171b", "event": {"token": "cebcf671979951ff", "guild_id": "800843827375898625", "endpoint": "us-west835.discord.media:443"}}
2022-03-16 07:04:41.824  INFO 308482 --- [XNIO-1 I/O-4] lavalink.server.io.SocketServer          : Connection closed from /10.0.0.156:45984 -- CloseStatus[code=1006, reason=]
2022-03-16 07:04:41.840  INFO 308482 --- [XNIO-1 I/O-4] lavalink.server.io.SocketContext         : Shutting down 0 playing players.
2022-03-16 07:09:07.166  INFO 308482 --- [XNIO-1 task-8] l.server.io.HandshakeInterceptorImpl     : Incoming connection from /10.0.0.156:46068
2022-03-16 07:09:07.178  INFO 308482 --- [XNIO-1 task-8] lavalink.server.io.SocketServer          : Connection successfully established
2022-03-16 07:09:07.178  WARN 308482 --- [XNIO-1 task-8] lavalink.server.io.SocketServer          : Library developers: Please specify a 'Client-Name' header. User agent: Python/3.8 aiohttp/3.7.4.post0
2022-03-16 07:09:49.106  INFO 308482 --- [XNIO-1 I/O-4] lavalink.server.io.SocketServer          : {"op": "voiceUpdate", "guildId": "800843827375898625", "sessionId": "68f41ad02e95656aa3c77741598c28b8", "event": {"token": "cd61569d8535c118", "guild_id": "800843827375898625", "endpoint": "us-west835.discord.media:443"}}
2022-03-16 07:10:18.491  INFO 308482 --- [XNIO-1 task-9] l.server.player.AudioLoaderRestHandler   : Got request to load for identifier "https://www.youtube.com/watch?v=_U2-SRW-wiw"
2022-03-16 07:10:18.626  INFO 308482 --- [lava-daemon-pool-info-loader-2-thread-1] lavalink.server.player.AudioLoader       : Loaded track ãƒ•ã‚¡ã‚¸ãƒ¼ã‚¿ã‚¦ãƒ³ / KMNZ Ã— ORESAMA
2022-03-16 07:10:18.643  INFO 308482 --- [XNIO-1 I/O-4] lavalink.server.io.SocketServer          : {"op": "play", "guildId": "800843827375898625", "track": "QAAAmQIAJ+ODleOCoeOCuOODvOOCv+OCpuODsyAvIEtNTlogw5cgT1JFU0FNQQAYT1JFU0FNQSBPZmZpY2lhbCBDaGFubmVsAAAAAAADfogAC19VMi1TUlctd2l3AAEAK2h0dHBzOi8vd3d3LnlvdXR1YmUuY29tL3dhdGNoP3Y9X1UyLVNSVy13aXcAB3lvdXR1YmUAAAAAAAAAAA==", "noReplace": false, "startTime": "0"}
2022-03-16 07:13:32.618  INFO 308482 --- [XNIO-1 I/O-4] lavalink.server.io.SocketServer          : Connection closed from /10.0.0.156:46068 -- CloseStatus[code=1006, reason=]
2022-03-16 07:13:32.618  INFO 308482 --- [XNIO-1 I/O-4] lavalink.server.io.SocketContext         : Shutting down 1 playing players.
2022-03-16 07:13:37.974  INFO 308482 --- [XNIO-1 task-11] l.server.io.HandshakeInterceptorImpl     : Incoming connection from /10.0.0.156:46104
2022-03-16 07:13:37.978  INFO 308482 --- [XNIO-1 task-11] lavalink.server.io.SocketServer          : Connection successfully established
2022-03-16 07:13:37.979  WARN 308482 --- [XNIO-1 task-11] lavalink.server.io.SocketServer          : Library developers: Please specify a 'Client-Name' header. User agent: Python/3.8 aiohttp/3.7.4.post0
2022-03-16 07:14:18.999  INFO 308482 --- [XNIO-1 task-12] l.server.player.AudioLoaderRestHandler   : Got request to load for identifier "https://www.youtube.com/watch?v=_U2-SRW-wiw"
2022-03-16 07:14:19.079  INFO 308482 --- [XNIO-1 I/O-4] lavalink.server.io.SocketServer          : {"op": "voiceUpdate", "guildId": "800843827375898625", "sessionId": "e3bc1b4afe14692bee1af54a770a5932", "event": {"token": "cd61569d8535c118", "guild_id": "800843827375898625", "endpoint": "us-west835.discord.media:443"}}
2022-03-16 07:14:19.116  INFO 308482 --- [lava-daemon-pool-info-loader-2-thread-1] lavalink.server.player.AudioLoader       : Loaded track ãƒ•ã‚¡ã‚¸ãƒ¼ã‚¿ã‚¦ãƒ³ / KMNZ Ã— ORESAMA
2022-03-16 07:14:19.122  INFO 308482 --- [XNIO-1 I/O-4] lavalink.server.io.SocketServer          : {"op": "play", "guildId": "800843827375898625", "track": "QAAAmQIAJ+ODleOCoeOCuOODvOOCv+OCpuODsyAvIEtNTlogw5cgT1JFU0FNQQAYT1JFU0FNQSBPZmZpY2lhbCBDaGFubmVsAAAAAAADfogAC19VMi1TUlctd2l3AAEAK2h0dHBzOi8vd3d3LnlvdXR1YmUuY29tL3dhdGNoP3Y9X1UyLVNSVy13aXcAB3lvdXR1YmUAAAAAAAAAAA==", "noReplace": false, "startTime": "0"}
2022-03-16 07:18:06.375  INFO 308482 --- [XNIO-1 I/O-4] lavalink.server.io.SocketServer          : Connection closed from /10.0.0.156:46104 -- CloseStatus[code=1006, reason=]
2022-03-16 07:18:06.376  INFO 308482 --- [XNIO-1 I/O-4] lavalink.server.io.SocketContext         : Shutting down 1 playing players.
2022-03-16 07:18:10.287  INFO 308482 --- [XNIO-1 task-14] l.server.io.HandshakeInterceptorImpl     : Incoming connection from /10.0.0.156:46146
2022-03-16 07:18:10.293  INFO 308482 --- [XNIO-1 task-14] lavalink.server.io.SocketServer          : Connection successfully established
2022-03-16 07:18:10.293  WARN 308482 --- [XNIO-1 task-14] lavalink.server.io.SocketServer          : Library developers: Please specify a 'Client-Name' header. User agent: Python/3.8 aiohttp/3.7.4.post0
2022-03-16 07:18:19.150  INFO 308482 --- [XNIO-1 I/O-2] lavalink.server.io.SocketServer          : {"op": "voiceUpdate", "guildId": "800843827375898625", "sessionId": "3a1f4a84461b5c06b85b64e903ed11c6", "event": {"token": "cd61569d8535c118", "guild_id": "800843827375898625", "endpoint": "us-west835.discord.media:443"}}
2022-03-16 07:18:38.029  INFO 308482 --- [XNIO-1 I/O-2] lavalink.server.io.SocketServer          : Connection closed from /10.0.0.156:46146 -- CloseStatus[code=1006, reason=]
2022-03-16 07:18:38.029  INFO 308482 --- [XNIO-1 I/O-2] lavalink.server.io.SocketContext         : Shutting down 0 playing players.
2022-03-16 07:18:41.618  INFO 308482 --- [XNIO-1 task-15] l.server.io.HandshakeInterceptorImpl     : Incoming connection from /10.0.0.156:46154
2022-03-16 07:18:41.622  INFO 308482 --- [XNIO-1 task-15] lavalink.server.io.SocketServer          : Connection successfully established
2022-03-16 07:18:41.622  WARN 308482 --- [XNIO-1 task-15] lavalink.server.io.SocketServer          : Library developers: Please specify a 'Client-Name' header. User agent: Python/3.8 aiohttp/3.7.4.post0
2022-03-16 07:18:41.899  INFO 308482 --- [XNIO-1 task-16] l.server.player.AudioLoaderRestHandler   : Got request to load for identifier "ytsearch:ãƒ­ã‚¯ãƒ‡ãƒŠã‚· ãŸã å£°ä¸€ã¤"
2022-03-16 07:18:41.996  INFO 308482 --- [XNIO-1 I/O-2] lavalink.server.io.SocketServer          : {"op": "voiceUpdate", "guildId": "800843827375898625", "sessionId": "51c59c1a0d96c7b596b8f560440fc921", "event": {"token": "cd61569d8535c118", "guild_id": "800843827375898625", "endpoint": "us-west835.discord.media:443"}}
2022-03-16 07:18:42.357  INFO 308482 --- [lava-daemon-pool-info-loader-2-thread-1] lavalink.server.player.AudioLoader       : Loaded playlist Search results for: ãƒ­ã‚¯ãƒ‡ãƒŠã‚· ãŸã å£°ä¸€ã¤
2022-03-16 07:18:42.365  INFO 308482 --- [XNIO-1 I/O-2] lavalink.server.io.SocketServer          : {"op": "play", "guildId": "800843827375898625", "track": "QAAAeAIAD+OBn+OBoOWjsOS4gOOBpAAP44Ot44Kv44OH44OK44K3AAAAAAACeNAAC0l3UUduWHBza29ZAAEAK2h0dHBzOi8vd3d3LnlvdXR1YmUuY29tL3dhdGNoP3Y9SXdRR25YcHNrb1kAB3lvdXR1YmUAAAAAAAAAAA==", "noReplace": false, "startTime": "0"}
2022-03-16 07:19:05.523  INFO 308482 --- [XNIO-1 I/O-2] lavalink.server.io.SocketServer          : Connection closed from /10.0.0.156:46154 -- CloseStatus[code=1006, reason=]
2022-03-16 07:19:05.524  INFO 308482 --- [XNIO-1 I/O-2] lavalink.server.io.SocketContext         : Shutting down 1 playing players.
2022-03-16 07:19:09.130  INFO 308482 --- [XNIO-1 task-18] l.server.io.HandshakeInterceptorImpl     : Incoming connection from /10.0.0.156:46174
2022-03-16 07:19:09.133  INFO 308482 --- [XNIO-1 task-18] lavalink.server.io.SocketServer          : Connection successfully established
2022-03-16 07:19:09.133  WARN 308482 --- [XNIO-1 task-18] lavalink.server.io.SocketServer          : Library developers: Please specify a 'Client-Name' header. User agent: Python/3.8 aiohttp/3.7.4.post0
2022-03-16 07:19:09.782  INFO 308482 --- [XNIO-1 task-19] l.server.player.AudioLoaderRestHandler   : Got request to load for identifier "ytsearch:ãƒ­ã‚¯ãƒ‡ãƒŠã‚· ãŸã å£°ä¸€ã¤"
2022-03-16 07:19:09.807  INFO 308482 --- [XNIO-1 I/O-2] lavalink.server.io.SocketServer          : {"op": "voiceUpdate", "guildId": "800843827375898625", "sessionId": "d500fea60c83e7e7b50ae0402c5d531a", "event": {"token": "cd61569d8535c118", "guild_id": "800843827375898625", "endpoint": "us-west835.discord.media:443"}}
2022-03-16 07:19:10.228  INFO 308482 --- [lava-daemon-pool-info-loader-2-thread-1] lavalink.server.player.AudioLoader       : Loaded playlist Search results for: ãƒ­ã‚¯ãƒ‡ãƒŠã‚· ãŸã å£°ä¸€ã¤
2022-03-16 07:19:10.234  INFO 308482 --- [XNIO-1 I/O-2] lavalink.server.io.SocketServer          : {"op": "play", "guildId": "800843827375898625", "track": "QAAAeAIAD+OBn+OBoOWjsOS4gOOBpAAP44Ot44Kv44OH44OK44K3AAAAAAACeNAAC0l3UUduWHBza29ZAAEAK2h0dHBzOi8vd3d3LnlvdXR1YmUuY29tL3dhdGNoP3Y9SXdRR25YcHNrb1kAB3lvdXR1YmUAAAAAAAAAAA==", "noReplace": false, "startTime": "0"}
2022-03-16 07:20:16.479  INFO 308482 --- [XNIO-1 I/O-2] lavalink.server.io.SocketServer          : {"op": "stop", "guildId": "800843827375898625"}
2022-03-16 07:20:16.483  INFO 308482 --- [XNIO-1 task-21] l.server.player.AudioLoaderRestHandler   : Got request to load for identifier "https://www.youtube.com/watch?v=XVFW7hh2wnU"
2022-03-16 07:20:16.589  INFO 308482 --- [lava-daemon-pool-info-loader-2-thread-1] lavalink.server.player.AudioLoader       : Loaded track PIKASONIC & Tatsunoshin - Euphoria (feat.Tsugumi Nagahara)
2022-03-16 07:20:16.594  INFO 308482 --- [XNIO-1 I/O-2] lavalink.server.io.SocketServer          : {"op": "play", "guildId": "800843827375898625", "track": "QAAAnQIAOlBJS0FTT05JQyAmIFRhdHN1bm9zaGluIC0gRXVwaG9yaWEgKGZlYXQuVHN1Z3VtaSBOYWdhaGFyYSkACVBJS0FTT05JQwAAAAAAAzBoAAtYVkZXN2hoMnduVQABACtodHRwczovL3d3dy55b3V0dWJlLmNvbS93YXRjaD92PVhWRlc3aGgyd25VAAd5b3V0dWJlAAAAAAAAAAA=", "noReplace": false, "startTime": "0"}
2022-03-16 07:22:16.186  INFO 308482 --- [XNIO-1 I/O-2] lavalink.server.io.SocketServer          : {"op": "stop", "guildId": "800843827375898625"}
2022-03-16 07:22:16.189  INFO 308482 --- [XNIO-1 task-23] l.server.player.AudioLoaderRestHandler   : Got request to load for identifier "https://youtu.be/9itn-9GRUjM"
2022-03-16 07:22:16.309  INFO 308482 --- [lava-daemon-pool-info-loader-2-thread-1] lavalink.server.player.AudioLoader       : Loaded track â™¬ soft chinese pop music to study for an hour to ; cpop
2022-03-16 07:22:16.314  INFO 308482 --- [XNIO-1 I/O-2] lavalink.server.io.SocketServer          : {"op": "play", "guildId": "800843827375898625", "track": "QAAAmgIAOeKZrCBzb2Z0IGNoaW5lc2UgcG9wIG11c2ljIHRvIHN0dWR5IGZvciBhbiBob3VyIHRvIDsgY3BvcAAHWcOgIHPDqAAAAAAAN4LwAAs5aXRuLTlHUlVqTQABACtodHRwczovL3d3dy55b3V0dWJlLmNvbS93YXRjaD92PTlpdG4tOUdSVWpNAAd5b3V0dWJlAAAAAAAAAAA=", "noReplace": false, "startTime": "0"}
2022-03-16 07:22:38.238  INFO 308482 --- [XNIO-1 I/O-2] lavalink.server.io.SocketServer          : {"op": "stop", "guildId": "800843827375898625"}
2022-03-16 07:22:38.243  INFO 308482 --- [XNIO-1 task-25] l.server.player.AudioLoaderRestHandler   : Got request to load for identifier "https://www.youtube.com/watch?v=XVFW7hh2wnU&list=LL&index=4"
2022-03-16 07:22:38.287 ERROR 308482 --- [lava-daemon-pool-info-loader-2-thread-1] lavalink.server.player.AudioLoader       : Load failed

com.sedmelluq.discord.lavaplayer.tools.FriendlyException: The playlist does not exist.
	at com.sedmelluq.discord.lavaplayer.source.youtube.DefaultYoutubePlaylistLoader.buildPlaylist(DefaultYoutubePlaylistLoader.java:60) ~[lavaplayer-fork-1.3.96.jar!/:na]
	at com.sedmelluq.discord.lavaplayer.source.youtube.DefaultYoutubePlaylistLoader.load(DefaultYoutubePlaylistLoader.java:48) ~[lavaplayer-fork-1.3.96.jar!/:na]
	at com.sedmelluq.discord.lavaplayer.source.youtube.YoutubeAudioSourceManager$LoadingRoutes.playlist(YoutubeAudioSourceManager.java:240) ~[lavaplayer-fork-1.3.96.jar!/:na]
	at com.sedmelluq.discord.lavaplayer.source.youtube.YoutubeAudioSourceManager$LoadingRoutes.playlist(YoutubeAudioSourceManager.java:228) ~[lavaplayer-fork-1.3.96.jar!/:na]
	at com.sedmelluq.discord.lavaplayer.source.youtube.DefaultYoutubeLinkRouter.routeFromUrlWithVideoId(DefaultYoutubeLinkRouter.java:96) ~[lavaplayer-fork-1.3.96.jar!/:na]
	at com.sedmelluq.discord.lavaplayer.source.youtube.DefaultYoutubeLinkRouter.routeFromMainDomain(DefaultYoutubeLinkRouter.java:64) ~[lavaplayer-fork-1.3.96.jar!/:na]
	at com.sedmelluq.discord.lavaplayer.source.youtube.DefaultYoutubeLinkRouter.route(DefaultYoutubeLinkRouter.java:42) ~[lavaplayer-fork-1.3.96.jar!/:na]
	at com.sedmelluq.discord.lavaplayer.source.youtube.YoutubeAudioSourceManager.loadItemOnce(YoutubeAudioSourceManager.java:196) ~[lavaplayer-fork-1.3.96.jar!/:na]
	at com.sedmelluq.discord.lavaplayer.source.youtube.YoutubeAudioSourceManager.loadItem(YoutubeAudioSourceManager.java:131) ~[lavaplayer-fork-1.3.96.jar!/:na]
	at com.sedmelluq.discord.lavaplayer.player.DefaultAudioPlayerManager.checkSourcesForItemOnce(DefaultAudioPlayerManager.java:436) ~[lavaplayer-fork-1.3.96.jar!/:na]
	at com.sedmelluq.discord.lavaplayer.player.DefaultAudioPlayerManager.checkSourcesForItem(DefaultAudioPlayerManager.java:418) ~[lavaplayer-fork-1.3.96.jar!/:na]
	at com.sedmelluq.discord.lavaplayer.player.DefaultAudioPlayerManager.lambda$createItemLoader$0(DefaultAudioPlayerManager.java:217) ~[lavaplayer-fork-1.3.96.jar!/:na]
	at java.base/java.util.concurrent.FutureTask.run(FutureTask.java:264) ~[na:na]
	at java.base/java.util.concurrent.ThreadPoolExecutor.runWorker(ThreadPoolExecutor.java:1136) ~[na:na]
	at java.base/java.util.concurrent.ThreadPoolExecutor$Worker.run(ThreadPoolExecutor.java:635) ~[na:na]
	at java.base/java.lang.Thread.run(Thread.java:833) ~[na:na]
	Suppressed: com.sedmelluq.discord.lavaplayer.tools.exception.EnvironmentInformation: 
  lavaplayer.version: 1.3.96-original
  os.arch: aarch64
  os.name: Linux
  os.version: 5.11.0-1028-oracle
  java.vendor: Oracle Corporation
  java.version: 17.0.1
  java.runtime.version: 17.0.1+12-LTS-39
  java.vm.version: 17.0.1+12-LTS-39

2022-03-16 07:22:38.288 ERROR 308482 --- [lava-daemon-pool-info-loader-2-thread-1] l.server.player.AudioLoaderRestHandler   : Track loading failed

com.sedmelluq.discord.lavaplayer.tools.FriendlyException: The playlist does not exist.
	at com.sedmelluq.discord.lavaplayer.source.youtube.DefaultYoutubePlaylistLoader.buildPlaylist(DefaultYoutubePlaylistLoader.java:60) ~[lavaplayer-fork-1.3.96.jar!/:na]
	at com.sedmelluq.discord.lavaplayer.source.youtube.DefaultYoutubePlaylistLoader.load(DefaultYoutubePlaylistLoader.java:48) ~[lavaplayer-fork-1.3.96.jar!/:na]
	at com.sedmelluq.discord.lavaplayer.source.youtube.YoutubeAudioSourceManager$LoadingRoutes.playlist(YoutubeAudioSourceManager.java:240) ~[lavaplayer-fork-1.3.96.jar!/:na]
	at com.sedmelluq.discord.lavaplayer.source.youtube.YoutubeAudioSourceManager$LoadingRoutes.playlist(YoutubeAudioSourceManager.java:228) ~[lavaplayer-fork-1.3.96.jar!/:na]
	at com.sedmelluq.discord.lavaplayer.source.youtube.DefaultYoutubeLinkRouter.routeFromUrlWithVideoId(DefaultYoutubeLinkRouter.java:96) ~[lavaplayer-fork-1.3.96.jar!/:na]
	at com.sedmelluq.discord.lavaplayer.source.youtube.DefaultYoutubeLinkRouter.routeFromMainDomain(DefaultYoutubeLinkRouter.java:64) ~[lavaplayer-fork-1.3.96.jar!/:na]
	at com.sedmelluq.discord.lavaplayer.source.youtube.DefaultYoutubeLinkRouter.route(DefaultYoutubeLinkRouter.java:42) ~[lavaplayer-fork-1.3.96.jar!/:na]
	at com.sedmelluq.discord.lavaplayer.source.youtube.YoutubeAudioSourceManager.loadItemOnce(YoutubeAudioSourceManager.java:196) ~[lavaplayer-fork-1.3.96.jar!/:na]
	at com.sedmelluq.discord.lavaplayer.source.youtube.YoutubeAudioSourceManager.loadItem(YoutubeAudioSourceManager.java:131) ~[lavaplayer-fork-1.3.96.jar!/:na]
	at com.sedmelluq.discord.lavaplayer.player.DefaultAudioPlayerManager.checkSourcesForItemOnce(DefaultAudioPlayerManager.java:436) ~[lavaplayer-fork-1.3.96.jar!/:na]
	at com.sedmelluq.discord.lavaplayer.player.DefaultAudioPlayerManager.checkSourcesForItem(DefaultAudioPlayerManager.java:418) ~[lavaplayer-fork-1.3.96.jar!/:na]
	at com.sedmelluq.discord.lavaplayer.player.DefaultAudioPlayerManager.lambda$createItemLoader$0(DefaultAudioPlayerManager.java:217) ~[lavaplayer-fork-1.3.96.jar!/:na]
	at java.base/java.util.concurrent.FutureTask.run(FutureTask.java:264) ~[na:na]
	at java.base/java.util.concurrent.ThreadPoolExecutor.runWorker(ThreadPoolExecutor.java:1136) ~[na:na]
	at java.base/java.util.concurrent.ThreadPoolExecutor$Worker.run(ThreadPoolExecutor.java:635) ~[na:na]
	at java.base/java.lang.Thread.run(Thread.java:833) ~[na:na]
	Suppressed: com.sedmelluq.discord.lavaplayer.tools.exception.EnvironmentInformation: 
  lavaplayer.version: 1.3.96-original
  os.arch: aarch64
  os.name: Linux
  os.version: 5.11.0-1028-oracle
  java.vendor: Oracle Corporation
  java.version: 17.0.1
  java.runtime.version: 17.0.1+12-LTS-39
  java.vm.version: 17.0.1+12-LTS-39

2022-03-16 07:22:57.982  INFO 308482 --- [XNIO-1 task-27] l.server.player.AudioLoaderRestHandler   : Got request to load for identifier "https://www.youtube.com/watch?v=TQ8WlA2GXbk&list=PL44EMzEAC9i2jxNg8d312Db6hFk7ljazr&index=1"
2022-03-16 07:22:58.164  INFO 308482 --- [lava-daemon-pool-info-loader-2-thread-1] lavalink.server.player.AudioLoader       : Loaded playlist main
2022-03-16 07:22:59.578  INFO 308482 --- [XNIO-1 I/O-2] lavalink.server.io.SocketServer          : {"op": "stop", "guildId": "800843827375898625"}
2022-03-16 07:25:14.514  INFO 308482 --- [XNIO-1 I/O-2] lavalink.server.io.SocketServer          : Connection closed from /10.0.0.156:46174 -- CloseStatus[code=1006, reason=]
2022-03-16 07:25:14.515  INFO 308482 --- [XNIO-1 I/O-2] lavalink.server.io.SocketContext         : Shutting down 0 playing players.
2022-03-16 07:30:47.840  INFO 308482 --- [XNIO-1 task-29] l.server.io.HandshakeInterceptorImpl     : Incoming connection from /10.0.0.156:46250
2022-03-16 07:30:47.880  INFO 308482 --- [XNIO-1 task-29] lavalink.server.io.SocketServer          : Connection successfully established
2022-03-16 07:30:47.880  WARN 308482 --- [XNIO-1 task-29] lavalink.server.io.SocketServer          : Library developers: Please specify a 'Client-Name' header. User agent: Python/3.8 aiohttp/3.7.4.post0
2022-03-16 07:30:53.515  INFO 308482 --- [XNIO-1 task-30] l.server.player.AudioLoaderRestHandler   : Got request to load for identifier "https://www.youtube.com/watch?v=TQ8WlA2GXbk"
2022-03-16 07:30:53.648  INFO 308482 --- [lava-daemon-pool-info-loader-2-thread-1] lavalink.server.player.AudioLoader       : Loaded track Officialé«­ç”·dism - Pretenderï¼»Official Videoï¼½
2022-03-16 07:30:53.656  INFO 308482 --- [XNIO-1 I/O-2] lavalink.server.io.SocketServer          : {"op": "play", "guildId": "800843827375898625", "track": "QAAAngIAMk9mZmljaWFs6aut55S3ZGlzbSAtIFByZXRlbmRlcu+8u09mZmljaWFsIFZpZGVv77y9ABJPZmZpY2lhbOmrreeUt2Rpc20AAAAAAAUggAALVFE4V2xBMkdYYmsAAQAraHR0cHM6Ly93d3cueW91dHViZS5jb20vd2F0Y2g/dj1UUThXbEEyR1hiawAHeW91dHViZQAAAAAAAAAA", "noReplace": false, "startTime": "0"}
2022-03-16 07:30:53.844  INFO 308482 --- [XNIO-1 I/O-2] lavalink.server.io.SocketServer          : {"op": "voiceUpdate", "guildId": "800843827375898625", "sessionId": "40b9d2b6013de9a0b5c2fcb9cedb433f", "event": {"token": "cdd142dd01b2468d", "guild_id": "800843827375898625", "endpoint": "us-west835.discord.media:443"}}
2022-03-16 07:31:44.636  INFO 308482 --- [XNIO-1 I/O-2] lavalink.server.io.SocketServer          : {"op": "stop", "guildId": "800843827375898625"}
2022-03-16 07:31:44.643  INFO 308482 --- [XNIO-1 task-32] l.server.player.AudioLoaderRestHandler   : Got request to load for identifier "https://www.youtube.com/watch?v=g8dmQs2Fzns&list=PL44EMzEAC9i2jxNg8d312Db6hFk7ljazr&index=2"
2022-03-16 07:31:44.809  INFO 308482 --- [lava-daemon-pool-info-loader-2-thread-1] lavalink.server.player.AudioLoader       : Loaded playlist main
2022-03-16 07:32:57.277  INFO 308482 --- [XNIO-1 I/O-2] lavalink.server.io.SocketServer          : Connection closed from /10.0.0.156:46250 -- CloseStatus[code=1006, reason=]
2022-03-16 07:32:57.278  INFO 308482 --- [XNIO-1 I/O-2] lavalink.server.io.SocketContext         : Shutting down 0 playing players.
2022-03-16 07:33:00.989  INFO 308482 --- [XNIO-1 task-2] l.server.io.HandshakeInterceptorImpl     : Incoming connection from /10.0.0.156:46274
2022-03-16 07:33:01.008  INFO 308482 --- [XNIO-1 task-2] lavalink.server.io.SocketServer          : Connection successfully established
2022-03-16 07:33:01.009  WARN 308482 --- [XNIO-1 task-2] lavalink.server.io.SocketServer          : Library developers: Please specify a 'Client-Name' header. User agent: Python/3.8 aiohttp/3.7.4.post0
2022-03-16 07:33:03.287  INFO 308482 --- [XNIO-1 task-3] l.server.player.AudioLoaderRestHandler   : Got request to load for identifier "ytsearch:>?p https://www.youtube.com/watch?v=g8dmQs2Fzns&list=PL44EMzEAC9i2jxNg8d312Db6hFk7ljazr&index=2"
2022-03-16 07:33:03.657  INFO 308482 --- [XNIO-1 I/O-2] lavalink.server.io.SocketServer          : {"op": "voiceUpdate", "guildId": "800843827375898625", "sessionId": "dc42a33976eef6df8a59f2ad64b01907", "event": {"token": "cdd142dd01b2468d", "guild_id": "800843827375898625", "endpoint": "us-west835.discord.media:443"}}
2022-03-16 07:33:03.668  INFO 308482 --- [lava-daemon-pool-info-loader-2-thread-1] lavalink.server.player.AudioLoader       : No matches found
2022-03-16 07:33:11.526  INFO 308482 --- [XNIO-1 task-5] l.server.player.AudioLoaderRestHandler   : Got request to load for identifier "https://www.youtube.com/watch?v=g8dmQs2Fzns&list=PL44EMzEAC9i2jxNg8d312Db6hFk7ljazr&index=2"
2022-03-16 07:33:11.677  INFO 308482 --- [lava-daemon-pool-info-loader-2-thread-1] lavalink.server.player.AudioLoader       : Loaded playlist main
2022-03-16 07:33:21.779  INFO 308482 --- [XNIO-1 I/O-2] lavalink.server.io.SocketServer          : Connection closed from /10.0.0.156:46274 -- CloseStatus[code=1006, reason=]
2022-03-16 07:33:21.780  INFO 308482 --- [XNIO-1 I/O-2] lavalink.server.io.SocketContext         : Shutting down 0 playing players.
2022-03-16 07:33:28.808  INFO 308482 --- [XNIO-1 task-7] l.server.io.HandshakeInterceptorImpl     : Incoming connection from /10.0.0.156:46288
2022-03-16 07:33:28.821  INFO 308482 --- [XNIO-1 task-7] lavalink.server.io.SocketServer          : Connection successfully established
2022-03-16 07:33:28.821  WARN 308482 --- [XNIO-1 task-7] lavalink.server.io.SocketServer          : Library developers: Please specify a 'Client-Name' header. User agent: Python/3.8 aiohttp/3.7.4.post0
2022-03-16 07:33:39.169  INFO 308482 --- [XNIO-1 I/O-4] lavalink.server.io.SocketServer          : Connection closed from /10.0.0.156:46288 -- CloseStatus[code=1006, reason=]
2022-03-16 07:33:39.169  INFO 308482 --- [XNIO-1 I/O-4] lavalink.server.io.SocketContext         : Shutting down 0 playing players.
2022-03-16 07:33:42.769  INFO 308482 --- [XNIO-1 task-8] l.server.io.HandshakeInterceptorImpl     : Incoming connection from /10.0.0.156:46294
2022-03-16 07:33:42.773  INFO 308482 --- [XNIO-1 task-8] lavalink.server.io.SocketServer          : Connection successfully established
2022-03-16 07:33:42.773  WARN 308482 --- [XNIO-1 task-8] lavalink.server.io.SocketServer          : Library developers: Please specify a 'Client-Name' header. User agent: Python/3.8 aiohttp/3.7.4.post0
2022-03-16 07:33:43.938  INFO 308482 --- [XNIO-1 task-9] l.server.player.AudioLoaderRestHandler   : Got request to load for identifier "https://www.youtube.com/watch?v=g8dmQs2Fzns&list=PL44EMzEAC9i2jxNg8d312Db6hFk7ljazr&index=2"
2022-03-16 07:33:44.088  INFO 308482 --- [XNIO-1 I/O-2] lavalink.server.io.SocketServer          : {"op": "voiceUpdate", "guildId": "800843827375898625", "sessionId": "9a84611e95c392841181b35f78aabb93", "event": {"token": "cdd142dd01b2468d", "guild_id": "800843827375898625", "endpoint": "us-west835.discord.media:443"}}
2022-03-16 07:33:44.105  INFO 308482 --- [lava-daemon-pool-info-loader-2-thread-1] lavalink.server.player.AudioLoader       : Loaded playlist main
2022-03-16 07:34:02.774  INFO 308482 --- [XNIO-1 I/O-2] lavalink.server.io.SocketServer          : Connection closed from /10.0.0.156:46294 -- CloseStatus[code=1006, reason=]
2022-03-16 07:34:02.775  INFO 308482 --- [XNIO-1 I/O-2] lavalink.server.io.SocketContext         : Shutting down 0 playing players.
2022-03-16 07:34:06.844  INFO 308482 --- [XNIO-1 task-11] l.server.io.HandshakeInterceptorImpl     : Incoming connection from /10.0.0.156:46304
2022-03-16 07:34:06.847  INFO 308482 --- [XNIO-1 task-11] lavalink.server.io.SocketServer          : Connection successfully established
2022-03-16 07:34:06.847  WARN 308482 --- [XNIO-1 task-11] lavalink.server.io.SocketServer          : Library developers: Please specify a 'Client-Name' header. User agent: Python/3.8 aiohttp/3.7.4.post0
2022-03-16 07:34:10.118  INFO 308482 --- [XNIO-1 task-12] l.server.player.AudioLoaderRestHandler   : Got request to load for identifier "https://www.youtube.com/watch?v=g8dmQs2Fzns&list=PL44EMzEAC9i2jxNg8d312Db6hFk7ljazr&index=2"
2022-03-16 07:34:10.259  INFO 308482 --- [XNIO-1 I/O-4] lavalink.server.io.SocketServer          : {"op": "voiceUpdate", "guildId": "800843827375898625", "sessionId": "6e2f089350f2fa52caab04600018a4da", "event": {"token": "cdd142dd01b2468d", "guild_id": "800843827375898625", "endpoint": "us-west835.discord.media:443"}}
2022-03-16 07:34:10.270  INFO 308482 --- [lava-daemon-pool-info-loader-2-thread-1] lavalink.server.player.AudioLoader       : Loaded playlist main
2022-03-16 07:36:23.967  INFO 308482 --- [XNIO-1 I/O-4] lavalink.server.io.SocketServer          : Connection closed from /10.0.0.156:46304 -- CloseStatus[code=1006, reason=]
2022-03-16 07:36:23.970  INFO 308482 --- [XNIO-1 I/O-4] lavalink.server.io.SocketContext         : Shutting down 0 playing players.
2022-03-16 07:36:28.115  INFO 308482 --- [XNIO-1 task-14] l.server.io.HandshakeInterceptorImpl     : Incoming connection from /10.0.0.156:46330
2022-03-16 07:36:28.125  INFO 308482 --- [XNIO-1 task-14] lavalink.server.io.SocketServer          : Connection successfully established
2022-03-16 07:36:28.126  WARN 308482 --- [XNIO-1 task-14] lavalink.server.io.SocketServer          : Library developers: Please specify a 'Client-Name' header. User agent: Python/3.8 aiohttp/3.7.4.post0
2022-03-16 07:36:39.435  INFO 308482 --- [XNIO-1 I/O-2] lavalink.server.io.SocketServer          : Connection closed from /10.0.0.156:46330 -- CloseStatus[code=1006, reason=]
2022-03-16 07:36:39.436  INFO 308482 --- [XNIO-1 I/O-2] lavalink.server.io.SocketContext         : Shutting down 0 playing players.
2022-03-16 07:36:42.773  INFO 308482 --- [XNIO-1 task-15] l.server.io.HandshakeInterceptorImpl     : Incoming connection from /10.0.0.156:46336
2022-03-16 07:36:42.786  INFO 308482 --- [XNIO-1 task-15] lavalink.server.io.SocketServer          : Connection successfully established
2022-03-16 07:36:42.786  WARN 308482 --- [XNIO-1 task-15] lavalink.server.io.SocketServer          : Library developers: Please specify a 'Client-Name' header. User agent: Python/3.8 aiohttp/3.7.4.post0
2022-03-16 07:36:45.578  INFO 308482 --- [XNIO-1 task-16] l.server.player.AudioLoaderRestHandler   : Got request to load for identifier "https://www.youtube.com/watch?v=g8dmQs2Fzns&list=PL44EMzEAC9i2jxNg8d312Db6hFk7ljazr&index=2"
2022-03-16 07:36:45.760  INFO 308482 --- [lava-daemon-pool-info-loader-2-thread-1] lavalink.server.player.AudioLoader       : Loaded playlist main
2022-03-16 07:36:45.925  INFO 308482 --- [XNIO-1 I/O-4] lavalink.server.io.SocketServer          : {"op": "voiceUpdate", "guildId": "800843827375898625", "sessionId": "9f4ff73df635e5b1e459657049074f6e", "event": {"token": "cdd142dd01b2468d", "guild_id": "800843827375898625", "endpoint": "us-west835.discord.media:443"}}
2022-03-16 07:37:13.463  INFO 308482 --- [XNIO-1 I/O-4] lavalink.server.io.SocketServer          : Connection closed from /10.0.0.156:46336 -- CloseStatus[code=1006, reason=]
2022-03-16 07:37:13.463  INFO 308482 --- [XNIO-1 I/O-4] lavalink.server.io.SocketContext         : Shutting down 0 playing players.
2022-03-16 07:37:17.049  INFO 308482 --- [XNIO-1 task-18] l.server.io.HandshakeInterceptorImpl     : Incoming connection from /10.0.0.156:46348
2022-03-16 07:37:17.053  INFO 308482 --- [XNIO-1 task-18] lavalink.server.io.SocketServer          : Connection successfully established
2022-03-16 07:37:17.053  WARN 308482 --- [XNIO-1 task-18] lavalink.server.io.SocketServer          : Library developers: Please specify a 'Client-Name' header. User agent: Python/3.8 aiohttp/3.7.4.post0
2022-03-16 07:37:17.927  INFO 308482 --- [XNIO-1 task-19] l.server.player.AudioLoaderRestHandler   : Got request to load for identifier "https://www.youtube.com/watch?v=g8dmQs2Fzns&list=PL44EMzEAC9i2jxNg8d312Db6hFk7ljazr&index=2"
2022-03-16 07:37:18.068  INFO 308482 --- [XNIO-1 I/O-4] lavalink.server.io.SocketServer          : {"op": "voiceUpdate", "guildId": "800843827375898625", "sessionId": "93ecfc7d26bdf1be61b82cc8068dff5e", "event": {"token": "cdd142dd01b2468d", "guild_id": "800843827375898625", "endpoint": "us-west835.discord.media:443"}}
2022-03-16 07:37:18.074  INFO 308482 --- [lava-daemon-pool-info-loader-2-thread-1] lavalink.server.player.AudioLoader       : Loaded playlist main
2022-03-16 07:37:41.878  INFO 308482 --- [XNIO-1 I/O-4] lavalink.server.io.SocketServer          : Connection closed from /10.0.0.156:46348 -- CloseStatus[code=1006, reason=]
2022-03-16 07:37:41.878  INFO 308482 --- [XNIO-1 I/O-4] lavalink.server.io.SocketContext         : Shutting down 0 playing players.
2022-03-16 07:37:49.840  INFO 308482 --- [XNIO-1 task-21] l.server.io.HandshakeInterceptorImpl     : Incoming connection from /10.0.0.156:46358
2022-03-16 07:37:49.845  INFO 308482 --- [XNIO-1 task-21] lavalink.server.io.SocketServer          : Connection successfully established
2022-03-16 07:37:49.845  WARN 308482 --- [XNIO-1 task-21] lavalink.server.io.SocketServer          : Library developers: Please specify a 'Client-Name' header. User agent: Python/3.8 aiohttp/3.7.4.post0
2022-03-16 07:37:52.353  INFO 308482 --- [XNIO-1 task-22] l.server.player.AudioLoaderRestHandler   : Got request to load for identifier "https://www.youtube.com/watch?v=g8dmQs2Fzns&list=PL44EMzEAC9i2jxNg8d312Db6hFk7ljazr&index=2"
2022-03-16 07:37:52.514  INFO 308482 --- [lava-daemon-pool-info-loader-2-thread-1] lavalink.server.player.AudioLoader       : Loaded playlist main
2022-03-16 07:37:52.520  INFO 308482 --- [XNIO-1 I/O-2] lavalink.server.io.SocketServer          : {"op": "play", "guildId": "800843827375898625", "track": "QAAAngIAMk9mZmljaWFs6aut55S3ZGlzbSAtIFByZXRlbmRlcu+8u09mZmljaWFsIFZpZGVv77y9ABJPZmZpY2lhbOmrreeUt2Rpc20AAAAAAAUggAALVFE4V2xBMkdYYmsAAQAraHR0cHM6Ly93d3cueW91dHViZS5jb20vd2F0Y2g/dj1UUThXbEEyR1hiawAHeW91dHViZQAAAAAAAAAA", "noReplace": false, "startTime": "0"}
2022-03-16 07:37:52.524  INFO 308482 --- [XNIO-1 I/O-2] lavalink.server.io.SocketServer          : {"op": "voiceUpdate", "guildId": "800843827375898625", "sessionId": "cfba42255e460e61a8c7da43a766f82b", "event": {"token": "cdd142dd01b2468d", "guild_id": "800843827375898625", "endpoint": "us-west835.discord.media:443"}}
2022-03-16 07:38:54.131  INFO 308482 --- [XNIO-1 I/O-2] lavalink.server.io.SocketServer          : {"op": "stop", "guildId": "800843827375898625"}
2022-03-16 07:38:54.142  INFO 308482 --- [XNIO-1 task-24] l.server.player.AudioLoaderRestHandler   : Got request to load for identifier "https://www.youtube.com/watch?v=g8dmQs2Fzns"
2022-03-16 07:38:54.230  INFO 308482 --- [lava-daemon-pool-info-loader-2-thread-1] lavalink.server.player.AudioLoader       : Loaded track Black Clover - Opening 13 Full ã€ŽGrandeurã€By Snow Man
2022-03-16 07:42:15.127  INFO 308482 --- [XNIO-1 I/O-2] lavalink.server.io.SocketServer          : Connection closed from /10.0.0.156:46358 -- CloseStatus[code=1006, reason=]
2022-03-16 07:42:15.128  INFO 308482 --- [XNIO-1 I/O-2] lavalink.server.io.SocketContext         : Shutting down 0 playing players.
2022-03-16 07:42:18.862  INFO 308482 --- [XNIO-1 task-26] l.server.io.HandshakeInterceptorImpl     : Incoming connection from /10.0.0.156:46390
2022-03-16 07:42:18.879  INFO 308482 --- [XNIO-1 task-26] lavalink.server.io.SocketServer          : Connection successfully established
2022-03-16 07:42:18.879  WARN 308482 --- [XNIO-1 task-26] lavalink.server.io.SocketServer          : Library developers: Please specify a 'Client-Name' header. User agent: Python/3.8 aiohttp/3.7.4.post0
2022-03-16 07:42:19.986  INFO 308482 --- [XNIO-1 task-27] l.server.player.AudioLoaderRestHandler   : Got request to load for identifier "https://www.youtube.com/watch?v=x3SxEOvAOEg"
2022-03-16 07:42:20.063  INFO 308482 --- [lava-daemon-pool-info-loader-2-thread-1] lavalink.server.player.AudioLoader       : Loaded track clown horn - sound effect
2022-03-16 07:42:20.324  INFO 308482 --- [XNIO-1 I/O-2] lavalink.server.io.SocketServer          : {"op": "voiceUpdate", "guildId": "800843827375898625", "sessionId": "8d7ebca16e902bc0c14d4dab0690c639", "event": {"token": "cdd142dd01b2468d", "guild_id": "800843827375898625", "endpoint": "us-west835.discord.media:443"}}
2022-03-16 07:42:45.113  INFO 308482 --- [XNIO-1 I/O-2] lavalink.server.io.SocketServer          : Connection closed from /10.0.0.156:46390 -- CloseStatus[code=1006, reason=]
2022-03-16 07:42:45.113  INFO 308482 --- [XNIO-1 I/O-2] lavalink.server.io.SocketContext         : Shutting down 0 playing players.
2022-03-16 07:42:48.448  INFO 308482 --- [XNIO-1 task-29] l.server.io.HandshakeInterceptorImpl     : Incoming connection from /10.0.0.156:46400
2022-03-16 07:42:48.452  INFO 308482 --- [XNIO-1 task-29] lavalink.server.io.SocketServer          : Connection successfully established
2022-03-16 07:42:48.452  WARN 308482 --- [XNIO-1 task-29] lavalink.server.io.SocketServer          : Library developers: Please specify a 'Client-Name' header. User agent: Python/3.8 aiohttp/3.7.4.post0
2022-03-16 07:42:54.345  INFO 308482 --- [XNIO-1 task-30] l.server.player.AudioLoaderRestHandler   : Got request to load for identifier "https://www.youtube.com/watch?v=x3SxEOvAOEg"
2022-03-16 07:42:54.411  INFO 308482 --- [lava-daemon-pool-info-loader-2-thread-1] lavalink.server.player.AudioLoader       : Loaded track clown horn - sound effect
2022-03-16 07:42:54.504  INFO 308482 --- [XNIO-1 I/O-4] lavalink.server.io.SocketServer          : {"op": "voiceUpdate", "guildId": "800843827375898625", "sessionId": "56e8c9040ca445fe37c5105f403838c7", "event": {"token": "cdd142dd01b2468d", "guild_id": "800843827375898625", "endpoint": "us-west835.discord.media:443"}}
2022-03-16 07:43:08.785  INFO 308482 --- [XNIO-1 I/O-4] lavalink.server.io.SocketServer          : Connection closed from /10.0.0.156:46400 -- CloseStatus[code=1006, reason=]
2022-03-16 07:43:08.785  INFO 308482 --- [XNIO-1 I/O-4] lavalink.server.io.SocketContext         : Shutting down 0 playing players.
2022-03-16 07:43:12.326  INFO 308482 --- [XNIO-1 task-32] l.server.io.HandshakeInterceptorImpl     : Incoming connection from /10.0.0.156:46412
2022-03-16 07:43:12.330  INFO 308482 --- [XNIO-1 task-32] lavalink.server.io.SocketServer          : Connection successfully established
2022-03-16 07:43:12.330  WARN 308482 --- [XNIO-1 task-32] lavalink.server.io.SocketServer          : Library developers: Please specify a 'Client-Name' header. User agent: Python/3.8 aiohttp/3.7.4.post0
2022-03-16 07:43:12.367  INFO 308482 --- [XNIO-1 task-1] l.server.player.AudioLoaderRestHandler   : Got request to load for identifier "https://www.youtube.com/watch?v=x3SxEOvAOEg"
2022-03-16 07:43:12.445  INFO 308482 --- [lava-daemon-pool-info-loader-2-thread-1] lavalink.server.player.AudioLoader       : Loaded track clown horn - sound effect
2022-03-16 07:43:12.534  INFO 308482 --- [XNIO-1 I/O-4] lavalink.server.io.SocketServer          : {"op": "voiceUpdate", "guildId": "800843827375898625", "sessionId": "1c8ce04f1e26e5fbb95cd0ab6ca1f27e", "event": {"token": "cdd142dd01b2468d", "guild_id": "800843827375898625", "endpoint": "us-west835.discord.media:443"}}
2022-03-16 07:43:24.406  INFO 308482 --- [XNIO-1 I/O-4] lavalink.server.io.SocketServer          : Connection closed from /10.0.0.156:46412 -- CloseStatus[code=1006, reason=]
2022-03-16 07:43:24.407  INFO 308482 --- [XNIO-1 I/O-4] lavalink.server.io.SocketContext         : Shutting down 0 playing players.
2022-03-16 07:43:27.672  INFO 308482 --- [XNIO-1 task-3] l.server.io.HandshakeInterceptorImpl     : Incoming connection from /10.0.0.156:46422
2022-03-16 07:43:27.675  INFO 308482 --- [XNIO-1 task-3] lavalink.server.io.SocketServer          : Connection successfully established
2022-03-16 07:43:27.675  WARN 308482 --- [XNIO-1 task-3] lavalink.server.io.SocketServer          : Library developers: Please specify a 'Client-Name' header. User agent: Python/3.8 aiohttp/3.7.4.post0
2022-03-16 07:43:31.144  INFO 308482 --- [XNIO-1 task-4] l.server.player.AudioLoaderRestHandler   : Got request to load for identifier "https://www.youtube.com/watch?v=x3SxEOvAOEg"
2022-03-16 07:43:31.208  INFO 308482 --- [lava-daemon-pool-info-loader-2-thread-1] lavalink.server.player.AudioLoader       : Loaded track clown horn - sound effect
2022-03-16 07:43:31.211  INFO 308482 --- [XNIO-1 I/O-2] lavalink.server.io.SocketServer          : {"op": "play", "guildId": "800843827375898625", "track": "QAAAgQIAGWNsb3duIGhvcm4gLSBzb3VuZCBlZmZlY3QADlN5ZW50aWZpa0ZpbG1zAAAAAAAAD6AAC3gzU3hFT3ZBT0VnAAEAK2h0dHBzOi8vd3d3LnlvdXR1YmUuY29tL3dhdGNoP3Y9eDNTeEVPdkFPRWcAB3lvdXR1YmUAAAAAAAAAAA==", "noReplace": false, "startTime": "0"}
2022-03-16 07:43:31.295  INFO 308482 --- [XNIO-1 I/O-2] lavalink.server.io.SocketServer          : {"op": "voiceUpdate", "guildId": "800843827375898625", "sessionId": "1564f4c99a07109062ae151b21aa4126", "event": {"token": "cdd142dd01b2468d", "guild_id": "800843827375898625", "endpoint": "us-west835.discord.media:443"}}
2022-03-16 07:44:48.783  INFO 308482 --- [XNIO-1 task-6] l.server.player.AudioLoaderRestHandler   : Got request to load for identifier "https://www.youtube.com/watch?v=x3SxEOvAOEg"
2022-03-16 07:44:48.869  INFO 308482 --- [lava-daemon-pool-info-loader-2-thread-1] lavalink.server.player.AudioLoader       : Loaded track clown horn - sound effect
2022-03-16 07:44:48.873  INFO 308482 --- [XNIO-1 I/O-2] lavalink.server.io.SocketServer          : {"op": "play", "guildId": "800843827375898625", "track": "QAAAgQIAGWNsb3duIGhvcm4gLSBzb3VuZCBlZmZlY3QADlN5ZW50aWZpa0ZpbG1zAAAAAAAAD6AAC3gzU3hFT3ZBT0VnAAEAK2h0dHBzOi8vd3d3LnlvdXR1YmUuY29tL3dhdGNoP3Y9eDNTeEVPdkFPRWcAB3lvdXR1YmUAAAAAAAAAAA==", "noReplace": false, "startTime": "0"}
2022-03-16 07:44:48.966  INFO 308482 --- [XNIO-1 I/O-2] lavalink.server.io.SocketServer          : {"op": "voiceUpdate", "guildId": "800843827375898625", "sessionId": "1564f4c99a07109062ae151b21aa4126", "event": {"token": "843ee3f4c9eec8ed", "guild_id": "800843827375898625", "endpoint": "us-west9197.discord.media:443"}}
2022-03-16 07:47:46.423  INFO 308482 --- [XNIO-1 I/O-2] lavalink.server.io.SocketServer          : Connection closed from /10.0.0.156:46422 -- CloseStatus[code=1006, reason=]
2022-03-16 07:47:46.423  INFO 308482 --- [XNIO-1 I/O-2] lavalink.server.io.SocketContext         : Shutting down 0 playing players.
2022-03-16 07:47:49.713  INFO 308482 --- [Thread-1] o.s.s.concurrent.ThreadPoolTaskExecutor  : Shutting down ExecutorService 'applicationTaskExecutor'
2022-03-16 07:47:49.716  INFO 308482 --- [Thread-1] c.s.d.l.tools.GarbageCollectionMonitor   : GC monitoring disabled.
2022-03-16 07:47:49.727  INFO 308482 --- [Thread-1] io.undertow.servlet                      : Destroying Spring FrameworkServlet 'dispatcherServlet'
